0 verbose cli C:\Program Files\nodejs\node.exe C:\Users\EPHATA\AppData\Roaming\npm\node_modules\npm\bin\npm-cli.js
1 info using npm@11.5.2
2 info using node@v22.14.0
3 silly config load:file:C:\Users\EPHATA\AppData\Roaming\npm\node_modules\npm\npmrc
4 silly config load:file:F:\EPHATA\Documents\StringAnalyzer\string-analyzer-api\.npmrc
5 silly config load:file:C:\Users\EPHATA\.npmrc
6 silly config load:file:C:\Users\EPHATA\AppData\Roaming\npm\etc\npmrc
7 verbose title npm install supertest
8 verbose argv "install" "supertest" "--save-dev"
9 verbose logfile logs-max:10 dir:F:\EPHATA\Documents\StringAnalyzer\string-analyzer-api\npm-cache\_logs\2025-10-22T05_48_15_722Z-
10 verbose logfile F:\EPHATA\Documents\StringAnalyzer\string-analyzer-api\npm-cache\_logs\2025-10-22T05_48_15_722Z-debug-0.log
11 silly logfile start cleaning logs, removing 1 files
12 silly packumentCache heap:4345298944 maxSize:1086324736 maxEntrySize:543162368
13 silly logfile done cleaning log files
14 silly idealTree buildDeps
15 silly fetch manifest supertest@*
16 silly packumentCache full:https://registry.npmjs.org/supertest cache-miss
17 verbose shrinkwrap failed to load node_modules/.package-lock.json out of date, updated: node_modules
18 http fetch GET 200 https://registry.npmjs.org/supertest 1747ms (cache revalidated)
19 silly packumentCache full:https://registry.npmjs.org/supertest set size:198333 disposed:false
20 silly placeDep ROOT supertest@7.1.4 OK for: string-analyzer-api@1.0.0 want: *
21 silly fetch manifest methods@^1.1.2
22 silly packumentCache full:https://registry.npmjs.org/methods cache-miss
23 silly fetch manifest superagent@^10.2.3
24 silly packumentCache full:https://registry.npmjs.org/superagent cache-miss
25 http fetch GET 200 https://registry.npmjs.org/methods 218ms (cache revalidated)
26 silly packumentCache full:https://registry.npmjs.org/methods set size:12600 disposed:false
27 http fetch GET 200 https://registry.npmjs.org/superagent 766ms (cache revalidated)
28 silly packumentCache full:https://registry.npmjs.org/superagent set size:672466 disposed:false
29 silly placeDep ROOT methods@1.1.2 OK for: supertest@7.1.4 want: ^1.1.2
30 silly placeDep ROOT superagent@10.2.3 OK for: supertest@7.1.4 want: ^10.2.3
31 silly fetch manifest mime@2.6.0
32 silly packumentCache full:https://registry.npmjs.org/mime cache-miss
33 silly fetch manifest cookiejar@^2.1.4
34 silly packumentCache full:https://registry.npmjs.org/cookiejar cache-miss
35 silly fetch manifest formidable@^3.5.4
36 silly packumentCache full:https://registry.npmjs.org/formidable cache-miss
37 silly fetch manifest component-emitter@^1.3.1
38 silly packumentCache full:https://registry.npmjs.org/component-emitter cache-miss
39 silly fetch manifest fast-safe-stringify@^2.1.1
40 silly packumentCache full:https://registry.npmjs.org/fast-safe-stringify cache-miss
41 http fetch GET 200 https://registry.npmjs.org/formidable 230ms (cache revalidated)
42 silly packumentCache full:https://registry.npmjs.org/formidable set size:237390 disposed:false
43 http fetch GET 200 https://registry.npmjs.org/fast-safe-stringify 253ms (cache revalidated)
44 silly packumentCache full:https://registry.npmjs.org/fast-safe-stringify set size:76810 disposed:false
45 http fetch GET 200 https://registry.npmjs.org/component-emitter 705ms (cache revalidated)
46 silly packumentCache full:https://registry.npmjs.org/component-emitter set size:23328 disposed:false
47 http fetch GET 200 https://registry.npmjs.org/cookiejar 718ms (cache revalidated)
48 silly packumentCache full:https://registry.npmjs.org/cookiejar set size:29104 disposed:false
49 http fetch GET 200 https://registry.npmjs.org/mime 750ms (cache revalidated)
50 silly packumentCache full:https://registry.npmjs.org/mime set size:119236 disposed:false
51 silly placeDep ROOT component-emitter@1.3.1 OK for: superagent@10.2.3 want: ^1.3.1
52 silly placeDep ROOT cookiejar@2.1.4 OK for: superagent@10.2.3 want: ^2.1.4
53 silly placeDep ROOT fast-safe-stringify@2.1.1 OK for: superagent@10.2.3 want: ^2.1.1
54 silly placeDep ROOT formidable@3.5.4 OK for: superagent@10.2.3 want: ^3.5.4
55 silly placeDep ROOT mime@2.6.0 OK for: superagent@10.2.3 want: 2.6.0
56 silly fetch manifest dezalgo@^1.0.4
57 silly packumentCache full:https://registry.npmjs.org/dezalgo cache-miss
58 silly fetch manifest @paralleldrive/cuid2@^2.2.2
59 silly packumentCache full:https://registry.npmjs.org/@paralleldrive%2fcuid2 cache-miss
60 http fetch GET 200 https://registry.npmjs.org/dezalgo 209ms (cache revalidated)
61 silly packumentCache full:https://registry.npmjs.org/dezalgo set size:17423 disposed:false
62 http fetch GET 200 https://registry.npmjs.org/@paralleldrive%2fcuid2 243ms (cache revalidated)
63 silly packumentCache full:https://registry.npmjs.org/@paralleldrive%2fcuid2 set size:70555 disposed:false
64 silly placeDep ROOT @paralleldrive/cuid2@2.2.2 OK for: formidable@3.5.4 want: ^2.2.2
65 silly placeDep ROOT dezalgo@1.0.4 OK for: formidable@3.5.4 want: ^1.0.4
66 silly fetch manifest @noble/hashes@^1.1.5
67 silly packumentCache full:https://registry.npmjs.org/@noble%2fhashes cache-miss
68 silly fetch manifest asap@^2.0.0
69 silly packumentCache full:https://registry.npmjs.org/asap cache-miss
70 http fetch GET 200 https://registry.npmjs.org/asap 193ms (cache revalidated)
71 silly packumentCache full:https://registry.npmjs.org/asap set size:30968 disposed:false
72 http fetch GET 200 https://registry.npmjs.org/@noble%2fhashes 211ms (cache revalidated)
73 silly packumentCache full:https://registry.npmjs.org/@noble%2fhashes set size:214622 disposed:false
74 silly placeDep ROOT @noble/hashes@1.8.0 OK for: @paralleldrive/cuid2@2.2.2 want: ^1.1.5
75 silly placeDep ROOT asap@2.0.6 OK for: dezalgo@1.0.4 want: ^2.0.0
76 silly reify moves {}
77 silly audit bulk request {
77 silly audit   '@cspotcode/source-map-support': [ '0.8.1' ],
77 silly audit   '@esbuild/aix-ppc64': [ '0.25.11' ],
77 silly audit   '@esbuild/android-arm': [ '0.25.11' ],
77 silly audit   '@esbuild/android-arm64': [ '0.25.11' ],
77 silly audit   '@esbuild/android-x64': [ '0.25.11' ],
77 silly audit   '@esbuild/darwin-arm64': [ '0.25.11' ],
77 silly audit   '@esbuild/darwin-x64': [ '0.25.11' ],
77 silly audit   '@esbuild/freebsd-arm64': [ '0.25.11' ],
77 silly audit   '@esbuild/freebsd-x64': [ '0.25.11' ],
77 silly audit   '@esbuild/linux-arm': [ '0.25.11' ],
77 silly audit   '@esbuild/linux-arm64': [ '0.25.11' ],
77 silly audit   '@esbuild/linux-ia32': [ '0.25.11' ],
77 silly audit   '@esbuild/linux-loong64': [ '0.25.11' ],
77 silly audit   '@esbuild/linux-mips64el': [ '0.25.11' ],
77 silly audit   '@esbuild/linux-ppc64': [ '0.25.11' ],
77 silly audit   '@esbuild/linux-riscv64': [ '0.25.11' ],
77 silly audit   '@esbuild/linux-s390x': [ '0.25.11' ],
77 silly audit   '@esbuild/linux-x64': [ '0.25.11' ],
77 silly audit   '@esbuild/netbsd-arm64': [ '0.25.11' ],
77 silly audit   '@esbuild/netbsd-x64': [ '0.25.11' ],
77 silly audit   '@esbuild/openbsd-arm64': [ '0.25.11' ],
77 silly audit   '@esbuild/openbsd-x64': [ '0.25.11' ],
77 silly audit   '@esbuild/openharmony-arm64': [ '0.25.11' ],
77 silly audit   '@esbuild/sunos-x64': [ '0.25.11' ],
77 silly audit   '@esbuild/win32-arm64': [ '0.25.11' ],
77 silly audit   '@esbuild/win32-ia32': [ '0.25.11' ],
77 silly audit   '@esbuild/win32-x64': [ '0.25.11' ],
77 silly audit   '@jridgewell/resolve-uri': [ '3.1.2' ],
77 silly audit   '@jridgewell/sourcemap-codec': [ '1.5.5' ],
77 silly audit   '@jridgewell/trace-mapping': [ '0.3.9' ],
77 silly audit   '@rollup/rollup-android-arm-eabi': [ '4.52.5' ],
77 silly audit   '@rollup/rollup-android-arm64': [ '4.52.5' ],
77 silly audit   '@rollup/rollup-darwin-arm64': [ '4.52.5' ],
77 silly audit   '@rollup/rollup-darwin-x64': [ '4.52.5' ],
77 silly audit   '@rollup/rollup-freebsd-arm64': [ '4.52.5' ],
77 silly audit   '@rollup/rollup-freebsd-x64': [ '4.52.5' ],
77 silly audit   '@rollup/rollup-linux-arm-gnueabihf': [ '4.52.5' ],
77 silly audit   '@rollup/rollup-linux-arm-musleabihf': [ '4.52.5' ],
77 silly audit   '@rollup/rollup-linux-arm64-gnu': [ '4.52.5' ],
77 silly audit   '@rollup/rollup-linux-arm64-musl': [ '4.52.5' ],
77 silly audit   '@rollup/rollup-linux-loong64-gnu': [ '4.52.5' ],
77 silly audit   '@rollup/rollup-linux-ppc64-gnu': [ '4.52.5' ],
77 silly audit   '@rollup/rollup-linux-riscv64-gnu': [ '4.52.5' ],
77 silly audit   '@rollup/rollup-linux-riscv64-musl': [ '4.52.5' ],
77 silly audit   '@rollup/rollup-linux-s390x-gnu': [ '4.52.5' ],
77 silly audit   '@rollup/rollup-linux-x64-gnu': [ '4.52.5' ],
77 silly audit   '@rollup/rollup-linux-x64-musl': [ '4.52.5' ],
77 silly audit   '@rollup/rollup-openharmony-arm64': [ '4.52.5' ],
77 silly audit   '@rollup/rollup-win32-arm64-msvc': [ '4.52.5' ],
77 silly audit   '@rollup/rollup-win32-ia32-msvc': [ '4.52.5' ],
77 silly audit   '@rollup/rollup-win32-x64-gnu': [ '4.52.5' ],
77 silly audit   '@rollup/rollup-win32-x64-msvc': [ '4.52.5' ],
77 silly audit   '@tsconfig/node10': [ '1.0.11' ],
77 silly audit   '@tsconfig/node12': [ '1.0.11' ],
77 silly audit   '@tsconfig/node14': [ '1.0.3' ],
77 silly audit   '@tsconfig/node16': [ '1.0.4' ],
77 silly audit   '@types/better-sqlite3': [ '7.6.13' ],
77 silly audit   '@types/body-parser': [ '1.19.6' ],
77 silly audit   '@types/chai': [ '5.2.3' ],
77 silly audit   '@types/connect': [ '3.4.38' ],
77 silly audit   '@types/cookiejar': [ '2.1.5' ],
77 silly audit   '@types/deep-eql': [ '4.0.2' ],
77 silly audit   '@types/estree': [ '1.0.8' ],
77 silly audit   '@types/express': [ '5.0.3' ],
77 silly audit   '@types/express-serve-static-core': [ '5.1.0' ],
77 silly audit   '@types/http-errors': [ '2.0.5' ],
77 silly audit   '@types/methods': [ '1.1.4' ],
77 silly audit   '@types/mime': [ '1.3.5' ],
77 silly audit   '@types/node': [ '24.9.1' ],
77 silly audit   '@types/qs': [ '6.14.0' ],
77 silly audit   '@types/range-parser': [ '1.2.7' ],
77 silly audit   '@types/send': [ '1.2.0', '0.17.5' ],
77 silly audit   '@types/serve-static': [ '1.15.9' ],
77 silly audit   '@types/strip-bom': [ '3.0.0' ],
77 silly audit   '@types/strip-json-comments': [ '0.0.30' ],
77 silly audit   '@types/superagent': [ '8.1.9' ],
77 silly audit   '@types/supertest': [ '6.0.3' ],
77 silly audit   '@vitest/expect': [ '3.2.4' ],
77 silly audit   '@vitest/mocker': [ '3.2.4' ],
77 silly audit   '@vitest/pretty-format': [ '3.2.4' ],
77 silly audit   '@vitest/runner': [ '3.2.4' ],
77 silly audit   '@vitest/snapshot': [ '3.2.4' ],
77 silly audit   '@vitest/spy': [ '3.2.4' ],
77 silly audit   '@vitest/utils': [ '3.2.4' ],
77 silly audit   accepts: [ '2.0.0' ],
77 silly audit   acorn: [ '8.15.0' ],
77 silly audit   'acorn-walk': [ '8.3.4' ],
77 silly audit   anymatch: [ '3.1.3' ],
77 silly audit   arg: [ '4.1.3' ],
77 silly audit   'assertion-error': [ '2.0.1' ],
77 silly audit   asynckit: [ '0.4.0' ],
77 silly audit   axios: [ '1.12.2' ],
77 silly audit   'balanced-match': [ '1.0.2' ],
77 silly audit   'base64-js': [ '1.5.1' ],
77 silly audit   'better-sqlite3': [ '12.4.1' ],
77 silly audit   'binary-extensions': [ '2.3.0' ],
77 silly audit   bindings: [ '1.5.0' ],
77 silly audit   bl: [ '4.1.0' ],
77 silly audit   'body-parser': [ '2.2.0' ],
77 silly audit   'brace-expansion': [ '1.1.12' ],
77 silly audit   braces: [ '3.0.3' ],
77 silly audit   buffer: [ '5.7.1' ],
77 silly audit   'buffer-from': [ '1.1.2' ],
77 silly audit   bytes: [ '3.1.2' ],
77 silly audit   cac: [ '6.7.14' ],
77 silly audit   'call-bind-apply-helpers': [ '1.0.2' ],
77 silly audit   'call-bound': [ '1.0.4' ],
77 silly audit   chai: [ '5.3.3' ],
77 silly audit   'check-error': [ '2.1.1' ],
77 silly audit   chokidar: [ '3.6.0' ],
77 silly audit   chownr: [ '1.1.4' ],
77 silly audit   'combined-stream': [ '1.0.8' ],
77 silly audit   'concat-map': [ '0.0.1' ],
77 silly audit   'content-disposition': [ '1.0.0' ],
77 silly audit   'content-type': [ '1.0.5' ],
77 silly audit   cookie: [ '0.7.2' ],
77 silly audit   'cookie-signature': [ '1.2.2' ],
77 silly audit   cors: [ '2.8.5' ],
77 silly audit   'create-require': [ '1.1.1' ],
77 silly audit   crypto: [ '1.0.1' ],
77 silly audit   debug: [ '4.4.3' ],
77 silly audit   'decompress-response': [ '6.0.0' ],
77 silly audit   'deep-eql': [ '5.0.2' ],
77 silly audit   'deep-extend': [ '0.6.0' ],
77 silly audit   'delayed-stream': [ '1.0.0' ],
77 silly audit   depd: [ '2.0.0' ],
77 silly audit   'detect-libc': [ '2.1.2' ],
77 silly audit   diff: [ '4.0.2' ],
77 silly audit   'dunder-proto': [ '1.0.1' ],
77 silly audit   'dynamic-dedupe': [ '0.3.0' ],
77 silly audit   'ee-first': [ '1.1.1' ],
77 silly audit   encodeurl: [ '2.0.0' ],
77 silly audit   'end-of-stream': [ '1.4.5' ],
77 silly audit   'es-define-property': [ '1.0.1' ],
77 silly audit   'es-errors': [ '1.3.0' ],
77 silly audit   'es-module-lexer': [ '1.7.0' ],
77 silly audit   'es-object-atoms': [ '1.1.1' ],
77 silly audit   'es-set-tostringtag': [ '2.1.0' ],
77 silly audit   esbuild: [ '0.25.11' ],
77 silly audit   'escape-html': [ '1.0.3' ],
77 silly audit   'estree-walker': [ '3.0.3' ],
77 silly audit   etag: [ '1.8.1' ],
77 silly audit   'expand-template': [ '2.0.3' ],
77 silly audit   'expect-type': [ '1.2.2' ],
77 silly audit   express: [ '5.1.0' ],
77 silly audit   'file-uri-to-path': [ '1.0.0' ],
77 silly audit   'fill-range': [ '7.1.1' ],
77 silly audit   finalhandler: [ '2.1.0' ],
77 silly audit   'follow-redirects': [ '1.15.11' ],
77 silly audit   'form-data': [ '4.0.4' ],
77 silly audit   'mime-db': [ '1.52.0', '1.54.0' ],
77 silly audit   'mime-types': [ '2.1.35', '3.0.1' ],
77 silly audit   forwarded: [ '0.2.0' ],
77 silly audit   fresh: [ '2.0.0' ],
77 silly audit   'fs-constants': [ '1.0.0' ],
77 silly audit   'fs.realpath': [ '1.0.0' ],
77 silly audit   fsevents: [ '2.3.3' ],
77 silly audit   'function-bind': [ '1.1.2' ],
77 silly audit   'get-intrinsic': [ '1.3.0' ],
77 silly audit   'get-proto': [ '1.0.1' ],
77 silly audit   'get-tsconfig': [ '4.12.0' ],
77 silly audit   'github-from-package': [ '0.0.0' ],
77 silly audit   glob: [ '7.2.3' ],
77 silly audit   'glob-parent': [ '5.1.2' ],
77 silly audit   gopd: [ '1.2.0' ],
77 silly audit   'has-flag': [ '3.0.0' ],
77 silly audit   'has-symbols': [ '1.1.0' ],
77 silly audit   'has-tostringtag': [ '1.0.2' ],
77 silly audit   hasown: [ '2.0.2' ],
77 silly audit   helmet: [ '8.1.0' ],
77 silly audit   'http-errors': [ '2.0.0' ],
77 silly audit   statuses: [ '2.0.1', '2.0.2' ],
77 silly audit   'iconv-lite': [ '0.6.3', '0.7.0' ],
77 silly audit   ieee754: [ '1.2.1' ],
77 silly audit   'ignore-by-default': [ '1.0.1' ],
77 silly audit   inflight: [ '1.0.6' ],
77 silly audit   inherits: [ '2.0.4' ],
77 silly audit   ini: [ '1.3.8' ],
77 silly audit   'ipaddr.js': [ '1.9.1' ],
77 silly audit   'is-binary-path': [ '2.1.0' ],
77 silly audit   'is-core-module': [ '2.16.1' ],
77 silly audit   'is-extglob': [ '2.1.1' ],
77 silly audit   'is-glob': [ '4.0.3' ],
77 silly audit   'is-number': [ '7.0.0' ],
77 silly audit   'is-promise': [ '4.0.0' ],
77 silly audit   'js-tokens': [ '9.0.1' ],
77 silly audit   loupe: [ '3.2.1' ],
77 silly audit   'magic-string': [ '0.30.19' ],
77 silly audit   'make-error': [ '1.3.6' ],
77 silly audit   'math-intrinsics': [ '1.1.0' ],
77 silly audit   'media-typer': [ '1.1.0' ],
77 silly audit   'merge-descriptors': [ '2.0.0' ],
77 silly audit   'mimic-response': [ '3.1.0' ],
77 silly audit   minimatch: [ '3.1.2' ],
77 silly audit   minimist: [ '1.2.8' ],
77 silly audit   mkdirp: [ '1.0.4' ],
77 silly audit   'mkdirp-classic': [ '0.5.3' ],
77 silly audit   ms: [ '2.1.3' ],
77 silly audit   nanoid: [ '3.3.11' ],
77 silly audit   'napi-build-utils': [ '2.0.0' ],
77 silly audit   negotiator: [ '1.0.0' ],
77 silly audit   'node-abi': [ '3.78.0' ],
77 silly audit   nodemon: [ '3.1.10' ],
77 silly audit   'normalize-path': [ '3.0.0' ],
77 silly audit   'object-assign': [ '4.1.1' ],
77 silly audit   'object-inspect': [ '1.13.4' ],
77 silly audit   'on-finished': [ '2.4.1' ],
77 silly audit   once: [ '1.4.0' ],
77 silly audit   parseurl: [ '1.3.3' ],
77 silly audit   'path-is-absolute': [ '1.0.1' ],
77 silly audit   'path-parse': [ '1.0.7' ],
77 silly audit   'path-to-regexp': [ '8.3.0' ],
77 silly audit   pathe: [ '2.0.3' ],
77 silly audit   pathval: [ '2.0.1' ],
77 silly audit   picocolors: [ '1.1.1' ],
77 silly audit   picomatch: [ '2.3.1', '4.0.3' ],
77 silly audit   postcss: [ '8.5.6' ],
77 silly audit   'prebuild-install': [ '7.1.3' ],
77 silly audit   'proxy-addr': [ '2.0.7' ],
77 silly audit   'proxy-from-env': [ '1.1.0' ],
77 silly audit   'pstree.remy': [ '1.1.8' ],
77 silly audit   pump: [ '3.0.3' ],
77 silly audit   qs: [ '6.14.0' ],
77 silly audit   'range-parser': [ '1.2.1' ],
77 silly audit   'raw-body': [ '3.0.1' ],
77 silly audit   rc: [ '1.2.8' ],
77 silly audit   'readable-stream': [ '3.6.2' ],
77 silly audit   readdirp: [ '3.6.0' ],
77 silly audit   resolve: [ '1.22.11' ],
77 silly audit   'resolve-pkg-maps': [ '1.0.0' ],
77 silly audit   rimraf: [ '2.7.1' ],
77 silly audit   rollup: [ '4.52.5' ],
77 silly audit   router: [ '2.2.0' ],
77 silly audit   'safe-buffer': [ '5.2.1' ],
77 silly audit   'safer-buffer': [ '2.1.2' ],
77 silly audit   semver: [ '7.7.3' ],
77 silly audit   send: [ '1.2.0' ],
77 silly audit   'serve-static': [ '2.2.0' ],
77 silly audit   setprototypeof: [ '1.2.0' ],
77 silly audit   'side-channel': [ '1.1.0' ],
77 silly audit   'side-channel-list': [ '1.0.0' ],
77 silly audit   'side-channel-map': [ '1.0.1' ],
77 silly audit   'side-channel-weakmap': [ '1.0.2' ],
77 silly audit   siginfo: [ '2.0.0' ],
77 silly audit   'simple-concat': [ '1.0.1' ],
77 silly audit   'simple-get': [ '4.0.1' ],
77 silly audit   'simple-update-notifier': [ '2.0.0' ],
77 silly audit   'source-map': [ '0.6.1' ],
77 silly audit   'source-map-js': [ '1.2.1' ],
77 silly audit   'source-map-support': [ '0.5.21' ],
77 silly audit   stackback: [ '0.0.2' ],
77 silly audit   'std-env': [ '3.10.0' ],
77 silly audit   string_decoder: [ '1.3.0' ],
77 silly audit   'strip-bom': [ '3.0.0' ],
77 silly audit   'strip-json-comments': [ '2.0.1' ],
77 silly audit   'strip-literal': [ '3.1.0' ],
77 silly audit   'supports-color': [ '5.5.0' ],
77 silly audit   'supports-preserve-symlinks-flag': [ '1.0.0' ],
77 silly audit   'tar-fs': [ '2.1.4' ],
77 silly audit   'tar-stream': [ '2.2.0' ],
77 silly audit   tinybench: [ '2.9.0' ],
77 silly audit   tinyexec: [ '0.3.2' ],
77 silly audit   tinyglobby: [ '0.2.15' ],
77 silly audit   fdir: [ '6.5.0' ],
77 silly audit   tinypool: [ '1.1.1' ],
77 silly audit   tinyrainbow: [ '2.0.0' ],
77 silly audit   tinyspy: [ '4.0.4' ],
77 silly audit   'to-regex-range': [ '5.0.1' ],
77 silly audit   toidentifier: [ '1.0.1' ],
77 silly audit   touch: [ '3.1.1' ],
77 silly audit   'tree-kill': [ '1.2.2' ],
77 silly audit   'ts-node': [ '10.9.2' ],
77 silly audit   'ts-node-dev': [ '2.0.0' ],
77 silly audit   tsconfig: [ '7.0.0' ],
77 silly audit   tsx: [ '4.20.6' ],
77 silly audit   'tunnel-agent': [ '0.6.0' ],
77 silly audit   'type-is': [ '2.0.1' ],
77 silly audit   typescript: [ '5.9.3' ],
77 silly audit   undefsafe: [ '2.0.5' ],
77 silly audit   'undici-types': [ '7.16.0' ],
77 silly audit   unpipe: [ '1.0.0' ],
77 silly audit   'util-deprecate': [ '1.0.2' ],
77 silly audit   'v8-compile-cache-lib': [ '3.0.1' ],
77 silly audit   vary: [ '1.1.2' ],
77 silly audit   vite: [ '7.1.11' ],
77 silly audit   'vite-node': [ '3.2.4' ],
77 silly audit   vitest: [ '3.2.4' ],
77 silly audit   'why-is-node-running': [ '2.3.0' ],
77 silly audit   wrappy: [ '1.0.2' ],
77 silly audit   xtend: [ '4.0.2' ],
77 silly audit   yn: [ '3.1.1' ],
77 silly audit   supertest: [ '7.1.4' ],
77 silly audit   methods: [ '1.1.2' ],
77 silly audit   superagent: [ '10.2.3' ],
77 silly audit   'component-emitter': [ '1.3.1' ],
77 silly audit   cookiejar: [ '2.1.4' ],
77 silly audit   'fast-safe-stringify': [ '2.1.1' ],
77 silly audit   formidable: [ '3.5.4' ],
77 silly audit   mime: [ '2.6.0' ],
77 silly audit   '@paralleldrive/cuid2': [ '2.2.2' ],
77 silly audit   dezalgo: [ '1.0.4' ],
77 silly audit   '@noble/hashes': [ '1.8.0' ],
77 silly audit   asap: [ '2.0.6' ]
77 silly audit }
78 verbose reify failed optional dependency F:\EPHATA\Documents\StringAnalyzer\string-analyzer-api\node_modules\fsevents
79 silly reify mark deleted [
79 silly reify   'F:\\EPHATA\\Documents\\StringAnalyzer\\string-analyzer-api\\node_modules\\fsevents'
79 silly reify ]
80 verbose reify failed optional dependency F:\EPHATA\Documents\StringAnalyzer\string-analyzer-api\node_modules\@rollup\rollup-win32-ia32-msvc
81 silly reify mark deleted [
81 silly reify   'F:\\EPHATA\\Documents\\StringAnalyzer\\string-analyzer-api\\node_modules\\@rollup\\rollup-win32-ia32-msvc'
81 silly reify ]
82 verbose reify failed optional dependency F:\EPHATA\Documents\StringAnalyzer\string-analyzer-api\node_modules\@rollup\rollup-win32-arm64-msvc
83 silly reify mark deleted [
83 silly reify   'F:\\EPHATA\\Documents\\StringAnalyzer\\string-analyzer-api\\node_modules\\@rollup\\rollup-win32-arm64-msvc'
83 silly reify ]
84 verbose reify failed optional dependency F:\EPHATA\Documents\StringAnalyzer\string-analyzer-api\node_modules\@rollup\rollup-openharmony-arm64
85 silly reify mark deleted [
85 silly reify   'F:\\EPHATA\\Documents\\StringAnalyzer\\string-analyzer-api\\node_modules\\@rollup\\rollup-openharmony-arm64'
85 silly reify ]
86 verbose reify failed optional dependency F:\EPHATA\Documents\StringAnalyzer\string-analyzer-api\node_modules\@rollup\rollup-linux-x64-musl
87 silly reify mark deleted [
87 silly reify   'F:\\EPHATA\\Documents\\StringAnalyzer\\string-analyzer-api\\node_modules\\@rollup\\rollup-linux-x64-musl'
87 silly reify ]
88 verbose reify failed optional dependency F:\EPHATA\Documents\StringAnalyzer\string-analyzer-api\node_modules\@rollup\rollup-linux-x64-gnu
89 silly reify mark deleted [
89 silly reify   'F:\\EPHATA\\Documents\\StringAnalyzer\\string-analyzer-api\\node_modules\\@rollup\\rollup-linux-x64-gnu'
89 silly reify ]
90 verbose reify failed optional dependency F:\EPHATA\Documents\StringAnalyzer\string-analyzer-api\node_modules\@rollup\rollup-linux-s390x-gnu
91 silly reify mark deleted [
91 silly reify   'F:\\EPHATA\\Documents\\StringAnalyzer\\string-analyzer-api\\node_modules\\@rollup\\rollup-linux-s390x-gnu'
91 silly reify ]
92 verbose reify failed optional dependency F:\EPHATA\Documents\StringAnalyzer\string-analyzer-api\node_modules\@rollup\rollup-linux-riscv64-musl
93 silly reify mark deleted [
93 silly reify   'F:\\EPHATA\\Documents\\StringAnalyzer\\string-analyzer-api\\node_modules\\@rollup\\rollup-linux-riscv64-musl'
93 silly reify ]
94 verbose reify failed optional dependency F:\EPHATA\Documents\StringAnalyzer\string-analyzer-api\node_modules\@rollup\rollup-linux-riscv64-gnu
95 silly reify mark deleted [
95 silly reify   'F:\\EPHATA\\Documents\\StringAnalyzer\\string-analyzer-api\\node_modules\\@rollup\\rollup-linux-riscv64-gnu'
95 silly reify ]
96 verbose reify failed optional dependency F:\EPHATA\Documents\StringAnalyzer\string-analyzer-api\node_modules\@rollup\rollup-linux-ppc64-gnu
97 silly reify mark deleted [
97 silly reify   'F:\\EPHATA\\Documents\\StringAnalyzer\\string-analyzer-api\\node_modules\\@rollup\\rollup-linux-ppc64-gnu'
97 silly reify ]
98 verbose reify failed optional dependency F:\EPHATA\Documents\StringAnalyzer\string-analyzer-api\node_modules\@rollup\rollup-linux-loong64-gnu
99 silly reify mark deleted [
99 silly reify   'F:\\EPHATA\\Documents\\StringAnalyzer\\string-analyzer-api\\node_modules\\@rollup\\rollup-linux-loong64-gnu'
99 silly reify ]
100 verbose reify failed optional dependency F:\EPHATA\Documents\StringAnalyzer\string-analyzer-api\node_modules\@rollup\rollup-linux-arm64-musl
101 silly reify mark deleted [
101 silly reify   'F:\\EPHATA\\Documents\\StringAnalyzer\\string-analyzer-api\\node_modules\\@rollup\\rollup-linux-arm64-musl'
101 silly reify ]
102 verbose reify failed optional dependency F:\EPHATA\Documents\StringAnalyzer\string-analyzer-api\node_modules\@rollup\rollup-linux-arm64-gnu
103 silly reify mark deleted [
103 silly reify   'F:\\EPHATA\\Documents\\StringAnalyzer\\string-analyzer-api\\node_modules\\@rollup\\rollup-linux-arm64-gnu'
103 silly reify ]
104 verbose reify failed optional dependency F:\EPHATA\Documents\StringAnalyzer\string-analyzer-api\node_modules\@rollup\rollup-linux-arm-musleabihf
105 silly reify mark deleted [
105 silly reify   'F:\\EPHATA\\Documents\\StringAnalyzer\\string-analyzer-api\\node_modules\\@rollup\\rollup-linux-arm-musleabihf'
105 silly reify ]
106 verbose reify failed optional dependency F:\EPHATA\Documents\StringAnalyzer\string-analyzer-api\node_modules\@rollup\rollup-linux-arm-gnueabihf
107 silly reify mark deleted [
107 silly reify   'F:\\EPHATA\\Documents\\StringAnalyzer\\string-analyzer-api\\node_modules\\@rollup\\rollup-linux-arm-gnueabihf'
107 silly reify ]
108 verbose reify failed optional dependency F:\EPHATA\Documents\StringAnalyzer\string-analyzer-api\node_modules\@rollup\rollup-freebsd-x64
109 silly reify mark deleted [
109 silly reify   'F:\\EPHATA\\Documents\\StringAnalyzer\\string-analyzer-api\\node_modules\\@rollup\\rollup-freebsd-x64'
109 silly reify ]
110 verbose reify failed optional dependency F:\EPHATA\Documents\StringAnalyzer\string-analyzer-api\node_modules\@rollup\rollup-freebsd-arm64
111 silly reify mark deleted [
111 silly reify   'F:\\EPHATA\\Documents\\StringAnalyzer\\string-analyzer-api\\node_modules\\@rollup\\rollup-freebsd-arm64'
111 silly reify ]
112 verbose reify failed optional dependency F:\EPHATA\Documents\StringAnalyzer\string-analyzer-api\node_modules\@rollup\rollup-darwin-x64
113 silly reify mark deleted [
113 silly reify   'F:\\EPHATA\\Documents\\StringAnalyzer\\string-analyzer-api\\node_modules\\@rollup\\rollup-darwin-x64'
113 silly reify ]
114 verbose reify failed optional dependency F:\EPHATA\Documents\StringAnalyzer\string-analyzer-api\node_modules\@rollup\rollup-darwin-arm64
115 silly reify mark deleted [
115 silly reify   'F:\\EPHATA\\Documents\\StringAnalyzer\\string-analyzer-api\\node_modules\\@rollup\\rollup-darwin-arm64'
115 silly reify ]
116 verbose reify failed optional dependency F:\EPHATA\Documents\StringAnalyzer\string-analyzer-api\node_modules\@rollup\rollup-android-arm64
117 silly reify mark deleted [
117 silly reify   'F:\\EPHATA\\Documents\\StringAnalyzer\\string-analyzer-api\\node_modules\\@rollup\\rollup-android-arm64'
117 silly reify ]
118 verbose reify failed optional dependency F:\EPHATA\Documents\StringAnalyzer\string-analyzer-api\node_modules\@rollup\rollup-android-arm-eabi
119 silly reify mark deleted [
119 silly reify   'F:\\EPHATA\\Documents\\StringAnalyzer\\string-analyzer-api\\node_modules\\@rollup\\rollup-android-arm-eabi'
119 silly reify ]
120 verbose reify failed optional dependency F:\EPHATA\Documents\StringAnalyzer\string-analyzer-api\node_modules\@esbuild\win32-ia32
121 silly reify mark deleted [
121 silly reify   'F:\\EPHATA\\Documents\\StringAnalyzer\\string-analyzer-api\\node_modules\\@esbuild\\win32-ia32'
121 silly reify ]
122 verbose reify failed optional dependency F:\EPHATA\Documents\StringAnalyzer\string-analyzer-api\node_modules\@esbuild\win32-arm64
123 silly reify mark deleted [
123 silly reify   'F:\\EPHATA\\Documents\\StringAnalyzer\\string-analyzer-api\\node_modules\\@esbuild\\win32-arm64'
123 silly reify ]
124 verbose reify failed optional dependency F:\EPHATA\Documents\StringAnalyzer\string-analyzer-api\node_modules\@esbuild\sunos-x64
125 silly reify mark deleted [
125 silly reify   'F:\\EPHATA\\Documents\\StringAnalyzer\\string-analyzer-api\\node_modules\\@esbuild\\sunos-x64'
125 silly reify ]
126 verbose reify failed optional dependency F:\EPHATA\Documents\StringAnalyzer\string-analyzer-api\node_modules\@esbuild\openharmony-arm64
127 silly reify mark deleted [
127 silly reify   'F:\\EPHATA\\Documents\\StringAnalyzer\\string-analyzer-api\\node_modules\\@esbuild\\openharmony-arm64'
127 silly reify ]
128 verbose reify failed optional dependency F:\EPHATA\Documents\StringAnalyzer\string-analyzer-api\node_modules\@esbuild\openbsd-x64
129 silly reify mark deleted [
129 silly reify   'F:\\EPHATA\\Documents\\StringAnalyzer\\string-analyzer-api\\node_modules\\@esbuild\\openbsd-x64'
129 silly reify ]
130 verbose reify failed optional dependency F:\EPHATA\Documents\StringAnalyzer\string-analyzer-api\node_modules\@esbuild\openbsd-arm64
131 silly reify mark deleted [
131 silly reify   'F:\\EPHATA\\Documents\\StringAnalyzer\\string-analyzer-api\\node_modules\\@esbuild\\openbsd-arm64'
131 silly reify ]
132 verbose reify failed optional dependency F:\EPHATA\Documents\StringAnalyzer\string-analyzer-api\node_modules\@esbuild\netbsd-x64
133 silly reify mark deleted [
133 silly reify   'F:\\EPHATA\\Documents\\StringAnalyzer\\string-analyzer-api\\node_modules\\@esbuild\\netbsd-x64'
133 silly reify ]
134 verbose reify failed optional dependency F:\EPHATA\Documents\StringAnalyzer\string-analyzer-api\node_modules\@esbuild\netbsd-arm64
135 silly reify mark deleted [
135 silly reify   'F:\\EPHATA\\Documents\\StringAnalyzer\\string-analyzer-api\\node_modules\\@esbuild\\netbsd-arm64'
135 silly reify ]
136 verbose reify failed optional dependency F:\EPHATA\Documents\StringAnalyzer\string-analyzer-api\node_modules\@esbuild\linux-x64
137 silly reify mark deleted [
137 silly reify   'F:\\EPHATA\\Documents\\StringAnalyzer\\string-analyzer-api\\node_modules\\@esbuild\\linux-x64'
137 silly reify ]
138 verbose reify failed optional dependency F:\EPHATA\Documents\StringAnalyzer\string-analyzer-api\node_modules\@esbuild\linux-s390x
139 silly reify mark deleted [
139 silly reify   'F:\\EPHATA\\Documents\\StringAnalyzer\\string-analyzer-api\\node_modules\\@esbuild\\linux-s390x'
139 silly reify ]
140 verbose reify failed optional dependency F:\EPHATA\Documents\StringAnalyzer\string-analyzer-api\node_modules\@esbuild\linux-riscv64
141 silly reify mark deleted [
141 silly reify   'F:\\EPHATA\\Documents\\StringAnalyzer\\string-analyzer-api\\node_modules\\@esbuild\\linux-riscv64'
141 silly reify ]
142 verbose reify failed optional dependency F:\EPHATA\Documents\StringAnalyzer\string-analyzer-api\node_modules\@esbuild\linux-ppc64
143 silly reify mark deleted [
143 silly reify   'F:\\EPHATA\\Documents\\StringAnalyzer\\string-analyzer-api\\node_modules\\@esbuild\\linux-ppc64'
143 silly reify ]
144 verbose reify failed optional dependency F:\EPHATA\Documents\StringAnalyzer\string-analyzer-api\node_modules\@esbuild\linux-mips64el
145 silly reify mark deleted [
145 silly reify   'F:\\EPHATA\\Documents\\StringAnalyzer\\string-analyzer-api\\node_modules\\@esbuild\\linux-mips64el'
145 silly reify ]
146 verbose reify failed optional dependency F:\EPHATA\Documents\StringAnalyzer\string-analyzer-api\node_modules\@esbuild\linux-loong64
147 silly reify mark deleted [
147 silly reify   'F:\\EPHATA\\Documents\\StringAnalyzer\\string-analyzer-api\\node_modules\\@esbuild\\linux-loong64'
147 silly reify ]
148 verbose reify failed optional dependency F:\EPHATA\Documents\StringAnalyzer\string-analyzer-api\node_modules\@esbuild\linux-ia32
149 silly reify mark deleted [
149 silly reify   'F:\\EPHATA\\Documents\\StringAnalyzer\\string-analyzer-api\\node_modules\\@esbuild\\linux-ia32'
149 silly reify ]
150 verbose reify failed optional dependency F:\EPHATA\Documents\StringAnalyzer\string-analyzer-api\node_modules\@esbuild\linux-arm64
151 silly reify mark deleted [
151 silly reify   'F:\\EPHATA\\Documents\\StringAnalyzer\\string-analyzer-api\\node_modules\\@esbuild\\linux-arm64'
151 silly reify ]
152 verbose reify failed optional dependency F:\EPHATA\Documents\StringAnalyzer\string-analyzer-api\node_modules\@esbuild\linux-arm
153 silly reify mark deleted [
153 silly reify   'F:\\EPHATA\\Documents\\StringAnalyzer\\string-analyzer-api\\node_modules\\@esbuild\\linux-arm'
153 silly reify ]
154 verbose reify failed optional dependency F:\EPHATA\Documents\StringAnalyzer\string-analyzer-api\node_modules\@esbuild\freebsd-x64
155 silly reify mark deleted [
155 silly reify   'F:\\EPHATA\\Documents\\StringAnalyzer\\string-analyzer-api\\node_modules\\@esbuild\\freebsd-x64'
155 silly reify ]
156 verbose reify failed optional dependency F:\EPHATA\Documents\StringAnalyzer\string-analyzer-api\node_modules\@esbuild\freebsd-arm64
157 silly reify mark deleted [
157 silly reify   'F:\\EPHATA\\Documents\\StringAnalyzer\\string-analyzer-api\\node_modules\\@esbuild\\freebsd-arm64'
157 silly reify ]
158 verbose reify failed optional dependency F:\EPHATA\Documents\StringAnalyzer\string-analyzer-api\node_modules\@esbuild\darwin-x64
159 silly reify mark deleted [
159 silly reify   'F:\\EPHATA\\Documents\\StringAnalyzer\\string-analyzer-api\\node_modules\\@esbuild\\darwin-x64'
159 silly reify ]
160 verbose reify failed optional dependency F:\EPHATA\Documents\StringAnalyzer\string-analyzer-api\node_modules\@esbuild\darwin-arm64
161 silly reify mark deleted [
161 silly reify   'F:\\EPHATA\\Documents\\StringAnalyzer\\string-analyzer-api\\node_modules\\@esbuild\\darwin-arm64'
161 silly reify ]
162 verbose reify failed optional dependency F:\EPHATA\Documents\StringAnalyzer\string-analyzer-api\node_modules\@esbuild\android-x64
163 silly reify mark deleted [
163 silly reify   'F:\\EPHATA\\Documents\\StringAnalyzer\\string-analyzer-api\\node_modules\\@esbuild\\android-x64'
163 silly reify ]
164 verbose reify failed optional dependency F:\EPHATA\Documents\StringAnalyzer\string-analyzer-api\node_modules\@esbuild\android-arm64
165 silly reify mark deleted [
165 silly reify   'F:\\EPHATA\\Documents\\StringAnalyzer\\string-analyzer-api\\node_modules\\@esbuild\\android-arm64'
165 silly reify ]
166 verbose reify failed optional dependency F:\EPHATA\Documents\StringAnalyzer\string-analyzer-api\node_modules\@esbuild\android-arm
167 silly reify mark deleted [
167 silly reify   'F:\\EPHATA\\Documents\\StringAnalyzer\\string-analyzer-api\\node_modules\\@esbuild\\android-arm'
167 silly reify ]
168 verbose reify failed optional dependency F:\EPHATA\Documents\StringAnalyzer\string-analyzer-api\node_modules\@esbuild\aix-ppc64
169 silly reify mark deleted [
169 silly reify   'F:\\EPHATA\\Documents\\StringAnalyzer\\string-analyzer-api\\node_modules\\@esbuild\\aix-ppc64'
169 silly reify ]
170 http cache asap@https://registry.npmjs.org/asap/-/asap-2.0.6.tgz 0ms (cache hit)
171 http cache @noble/hashes@https://registry.npmjs.org/@noble/hashes/-/hashes-1.8.0.tgz 0ms (cache hit)
172 http cache dezalgo@https://registry.npmjs.org/dezalgo/-/dezalgo-1.0.4.tgz 0ms (cache hit)
173 http cache @paralleldrive/cuid2@https://registry.npmjs.org/@paralleldrive/cuid2/-/cuid2-2.2.2.tgz 0ms (cache hit)
174 http cache mime@https://registry.npmjs.org/mime/-/mime-2.6.0.tgz 0ms (cache hit)
175 http cache formidable@https://registry.npmjs.org/formidable/-/formidable-3.5.4.tgz 0ms (cache hit)
176 http cache fast-safe-stringify@https://registry.npmjs.org/fast-safe-stringify/-/fast-safe-stringify-2.1.1.tgz 0ms (cache hit)
177 http cache cookiejar@https://registry.npmjs.org/cookiejar/-/cookiejar-2.1.4.tgz 0ms (cache hit)
178 http cache component-emitter@https://registry.npmjs.org/component-emitter/-/component-emitter-1.3.1.tgz 0ms (cache hit)
179 http cache superagent@https://registry.npmjs.org/superagent/-/superagent-10.2.3.tgz 0ms (cache hit)
180 http cache methods@https://registry.npmjs.org/methods/-/methods-1.1.2.tgz 0ms (cache hit)
181 http cache supertest@https://registry.npmjs.org/supertest/-/supertest-7.1.4.tgz 0ms (cache hit)
182 http fetch POST 200 https://registry.npmjs.org/-/npm/v1/security/advisories/bulk 369ms
183 silly audit report {}
184 silly ADD node_modules/asap
185 silly ADD node_modules/@noble/hashes
186 silly ADD node_modules/dezalgo
187 silly ADD node_modules/@paralleldrive/cuid2
188 silly ADD node_modules/mime
189 silly ADD node_modules/formidable
190 silly ADD node_modules/fast-safe-stringify
191 silly ADD node_modules/cookiejar
192 silly ADD node_modules/component-emitter
193 silly ADD node_modules/superagent
194 silly ADD node_modules/methods
195 silly ADD node_modules/supertest
196 silly ADD node_modules/fsevents
197 silly ADD node_modules/@rollup/rollup-win32-ia32-msvc
198 silly ADD node_modules/@rollup/rollup-win32-arm64-msvc
199 silly ADD node_modules/@rollup/rollup-openharmony-arm64
200 silly ADD node_modules/@rollup/rollup-linux-x64-musl
201 silly ADD node_modules/@rollup/rollup-linux-x64-gnu
202 silly ADD node_modules/@rollup/rollup-linux-s390x-gnu
203 silly ADD node_modules/@rollup/rollup-linux-riscv64-musl
204 silly ADD node_modules/@rollup/rollup-linux-riscv64-gnu
205 silly ADD node_modules/@rollup/rollup-linux-ppc64-gnu
206 silly ADD node_modules/@rollup/rollup-linux-loong64-gnu
207 silly ADD node_modules/@rollup/rollup-linux-arm64-musl
208 silly ADD node_modules/@rollup/rollup-linux-arm64-gnu
209 silly ADD node_modules/@rollup/rollup-linux-arm-musleabihf
210 silly ADD node_modules/@rollup/rollup-linux-arm-gnueabihf
211 silly ADD node_modules/@rollup/rollup-freebsd-x64
212 silly ADD node_modules/@rollup/rollup-freebsd-arm64
213 silly ADD node_modules/@rollup/rollup-darwin-x64
214 silly ADD node_modules/@rollup/rollup-darwin-arm64
215 silly ADD node_modules/@rollup/rollup-android-arm64
216 silly ADD node_modules/@rollup/rollup-android-arm-eabi
217 silly ADD node_modules/@esbuild/win32-ia32
218 silly ADD node_modules/@esbuild/win32-arm64
219 silly ADD node_modules/@esbuild/sunos-x64
220 silly ADD node_modules/@esbuild/openharmony-arm64
221 silly ADD node_modules/@esbuild/openbsd-x64
222 silly ADD node_modules/@esbuild/openbsd-arm64
223 silly ADD node_modules/@esbuild/netbsd-x64
224 silly ADD node_modules/@esbuild/netbsd-arm64
225 silly ADD node_modules/@esbuild/linux-x64
226 silly ADD node_modules/@esbuild/linux-s390x
227 silly ADD node_modules/@esbuild/linux-riscv64
228 silly ADD node_modules/@esbuild/linux-ppc64
229 silly ADD node_modules/@esbuild/linux-mips64el
230 silly ADD node_modules/@esbuild/linux-loong64
231 silly ADD node_modules/@esbuild/linux-ia32
232 silly ADD node_modules/@esbuild/linux-arm64
233 silly ADD node_modules/@esbuild/linux-arm
234 silly ADD node_modules/@esbuild/freebsd-x64
235 silly ADD node_modules/@esbuild/freebsd-arm64
236 silly ADD node_modules/@esbuild/darwin-x64
237 silly ADD node_modules/@esbuild/darwin-arm64
238 silly ADD node_modules/@esbuild/android-x64
239 silly ADD node_modules/@esbuild/android-arm64
240 silly ADD node_modules/@esbuild/android-arm
241 silly ADD node_modules/@esbuild/aix-ppc64
242 verbose cwd F:\EPHATA\Documents\StringAnalyzer\string-analyzer-api
243 verbose os Windows_NT 10.0.22621
244 verbose node v22.14.0
245 verbose npm  v11.5.2
246 verbose exit 0
247 info ok
