0 verbose cli C:\Program Files\nodejs\node.exe C:\Users\EPHATA\AppData\Roaming\npm\node_modules\npm\bin\npm-cli.js
1 info using npm@11.5.2
2 info using node@v22.14.0
3 silly config load:file:C:\Users\EPHATA\AppData\Roaming\npm\node_modules\npm\npmrc
4 silly config load:file:F:\EPHATA\Documents\StringAnalyzer\string-analyzer-api\.npmrc
5 silly config load:file:C:\Users\EPHATA\.npmrc
6 silly config load:file:C:\Users\EPHATA\AppData\Roaming\npm\etc\npmrc
7 verbose title npm run dev
8 verbose argv "run" "dev"
9 verbose logfile logs-max:10 dir:F:\EPHATA\Documents\StringAnalyzer\string-analyzer-api\npm-cache\_logs\2025-10-22T00_30_23_207Z-
10 verbose logfile F:\EPHATA\Documents\StringAnalyzer\string-analyzer-api\npm-cache\_logs\2025-10-22T00_30_23_207Z-debug-0.log
11 silly logfile start cleaning logs, removing 1 files
12 silly logfile done cleaning log files
13 verbose cwd F:\EPHATA\Documents\StringAnalyzer\string-analyzer-api
14 verbose os Windows_NT 10.0.22621
15 verbose node v22.14.0
16 verbose npm  v11.5.2
17 verbose exit 1
18 verbose code 1
19 error A complete log of this run can be found in: F:\EPHATA\Documents\StringAnalyzer\string-analyzer-api\npm-cache\_logs\2025-10-22T00_30_23_207Z-debug-0.log
