0 verbose cli C:\Program Files\nodejs\node.exe C:\Users\EPHATA\AppData\Roaming\npm\node_modules\npm\bin\npm-cli.js
1 info using npm@11.5.2
2 info using node@v22.14.0
3 silly config load:file:C:\Users\EPHATA\AppData\Roaming\npm\node_modules\npm\npmrc
4 silly config load:file:F:\EPHATA\Documents\StringAnalyzer\string-analyzer-api\.npmrc
5 silly config load:file:C:\Users\EPHATA\.npmrc
6 silly config load:file:C:\Users\EPHATA\AppData\Roaming\npm\etc\npmrc
7 verbose title npm install vitest @types/node
8 verbose argv "install" "--save-dev" "vitest" "@types/node"
9 verbose logfile logs-max:10 dir:F:\EPHATA\Documents\StringAnalyzer\string-analyzer-api\npm-cache\_logs\2025-10-22T05_39_02_886Z-
10 verbose logfile F:\EPHATA\Documents\StringAnalyzer\string-analyzer-api\npm-cache\_logs\2025-10-22T05_39_02_886Z-debug-0.log
11 silly logfile start cleaning logs, removing 1 files
12 silly packumentCache heap:4345298944 maxSize:1086324736 maxEntrySize:543162368
13 silly logfile done cleaning log files
14 silly idealTree buildDeps
15 silly fetch manifest @types/node@^24.9.1
16 silly packumentCache full:https://registry.npmjs.org/@types%2fnode cache-miss
17 http fetch GET 200 https://registry.npmjs.org/@types%2fnode 940ms (cache revalidated)
18 silly packumentCache full:https://registry.npmjs.org/@types%2fnode set size:10665074 disposed:false
19 silly fetch manifest vitest@*
20 silly packumentCache full:https://registry.npmjs.org/vitest cache-miss
21 http fetch GET 200 https://registry.npmjs.org/vitest 646ms (cache miss)
22 silly packumentCache full:https://registry.npmjs.org/vitest set size:undefined disposed:false
23 silly fetch manifest @edge-runtime/vm@*
24 silly packumentCache full:https://registry.npmjs.org/@edge-runtime%2fvm cache-miss
25 http fetch GET 200 https://registry.npmjs.org/@edge-runtime%2fvm 322ms (cache miss)
26 silly packumentCache full:https://registry.npmjs.org/@edge-runtime%2fvm set size:undefined disposed:false
27 silly fetch manifest @types/debug@^4.1.12
28 silly packumentCache full:https://registry.npmjs.org/@types%2fdebug cache-miss
29 http fetch GET 200 https://registry.npmjs.org/@types%2fdebug 186ms (cache miss)
30 silly packumentCache full:https://registry.npmjs.org/@types%2fdebug set size:undefined disposed:false
31 silly fetch manifest @vitest/browser@3.2.4
32 silly packumentCache full:https://registry.npmjs.org/@vitest%2fbrowser cache-miss
33 http fetch GET 200 https://registry.npmjs.org/@vitest%2fbrowser 286ms (cache miss)
34 silly packumentCache full:https://registry.npmjs.org/@vitest%2fbrowser set size:undefined disposed:false
35 silly fetch manifest playwright@*
36 silly packumentCache full:https://registry.npmjs.org/playwright cache-miss
37 http fetch GET 200 https://registry.npmjs.org/playwright 2505ms (cache miss)
38 silly packumentCache full:https://registry.npmjs.org/playwright set size:undefined disposed:false
39 silly fetch manifest webdriverio@^7.0.0 || ^8.0.0 || ^9.0.0
40 silly packumentCache full:https://registry.npmjs.org/webdriverio cache-miss
41 http fetch GET 200 https://registry.npmjs.org/webdriverio 399ms (cache miss)
42 silly packumentCache full:https://registry.npmjs.org/webdriverio set size:undefined disposed:false
43 silly fetch manifest puppeteer-core@>=22.x || <=24.x
44 silly packumentCache full:https://registry.npmjs.org/puppeteer-core cache-miss
45 http fetch GET 200 https://registry.npmjs.org/puppeteer-core 268ms (cache miss)
46 silly packumentCache full:https://registry.npmjs.org/puppeteer-core set size:undefined disposed:false
47 silly fetch manifest @vitest/ui@3.2.4
48 silly packumentCache full:https://registry.npmjs.org/@vitest%2fui cache-miss
49 http fetch GET 200 https://registry.npmjs.org/@vitest%2fui 383ms (cache miss)
50 silly packumentCache full:https://registry.npmjs.org/@vitest%2fui set size:undefined disposed:false
51 silly fetch manifest happy-dom@*
52 silly packumentCache full:https://registry.npmjs.org/happy-dom cache-miss
53 http fetch GET 200 https://registry.npmjs.org/happy-dom 380ms (cache miss)
54 silly packumentCache full:https://registry.npmjs.org/happy-dom set size:undefined disposed:false
55 silly fetch manifest jsdom@*
56 silly packumentCache full:https://registry.npmjs.org/jsdom cache-miss
57 http fetch GET 200 https://registry.npmjs.org/jsdom 301ms (cache miss)
58 silly packumentCache full:https://registry.npmjs.org/jsdom set size:undefined disposed:false
59 silly fetch manifest canvas@^3.0.0
60 silly packumentCache full:https://registry.npmjs.org/canvas cache-miss
61 http fetch GET 200 https://registry.npmjs.org/canvas 195ms (cache miss)
62 silly packumentCache full:https://registry.npmjs.org/canvas set size:undefined disposed:false
63 silly placeDep ROOT @types/node@24.9.1 REPLACE for: string-analyzer-api@1.0.0 want: ^24.9.1
64 silly placeDep ROOT vitest@3.2.4 OK for: string-analyzer-api@1.0.0 want: *
65 silly fetch manifest chai@^5.2.0
66 silly packumentCache full:https://registry.npmjs.org/chai cache-miss
67 silly fetch manifest vite@^5.0.0 || ^6.0.0 || ^7.0.0-0
68 silly packumentCache full:https://registry.npmjs.org/vite cache-miss
69 silly fetch manifest pathe@^2.0.3
70 silly packumentCache full:https://registry.npmjs.org/pathe cache-miss
71 silly fetch manifest std-env@^3.9.0
72 silly packumentCache full:https://registry.npmjs.org/std-env cache-miss
73 silly fetch manifest tinyexec@^0.3.2
74 silly packumentCache full:https://registry.npmjs.org/tinyexec cache-miss
75 silly fetch manifest tinypool@^1.1.1
76 silly packumentCache full:https://registry.npmjs.org/tinypool cache-miss
77 silly fetch manifest picomatch@^4.0.2
78 silly packumentCache full:https://registry.npmjs.org/picomatch cache-miss
79 http fetch GET 200 https://registry.npmjs.org/chai 210ms (cache miss)
80 silly packumentCache full:https://registry.npmjs.org/chai set size:undefined disposed:false
81 silly fetch manifest tinybench@^2.9.0
82 silly packumentCache full:https://registry.npmjs.org/tinybench cache-miss
83 http fetch GET 200 https://registry.npmjs.org/tinybench 303ms (cache miss)
84 silly packumentCache full:https://registry.npmjs.org/tinybench set size:undefined disposed:false
85 silly fetch manifest vite-node@3.2.4
86 silly packumentCache full:https://registry.npmjs.org/vite-node cache-miss
87 http fetch GET 200 https://registry.npmjs.org/std-env 718ms (cache miss)
88 silly packumentCache full:https://registry.npmjs.org/std-env set size:undefined disposed:false
89 silly fetch manifest tinyglobby@^0.2.14
90 silly packumentCache full:https://registry.npmjs.org/tinyglobby cache-miss
91 http fetch GET 200 https://registry.npmjs.org/tinyexec 748ms (cache miss)
92 silly packumentCache full:https://registry.npmjs.org/tinyexec set size:undefined disposed:false
93 silly fetch manifest @types/chai@^5.2.2
94 silly packumentCache full:https://registry.npmjs.org/@types%2fchai cache-miss
95 http fetch GET 200 https://registry.npmjs.org/tinypool 756ms (cache miss)
96 silly packumentCache full:https://registry.npmjs.org/tinypool set size:undefined disposed:false
97 silly fetch manifest @vitest/spy@3.2.4
98 silly packumentCache full:https://registry.npmjs.org/@vitest%2fspy cache-miss
99 http fetch GET 200 https://registry.npmjs.org/pathe 763ms (cache miss)
100 silly packumentCache full:https://registry.npmjs.org/pathe set size:undefined disposed:false
101 silly fetch manifest expect-type@^1.2.1
102 silly packumentCache full:https://registry.npmjs.org/expect-type cache-miss
103 http fetch GET 200 https://registry.npmjs.org/picomatch 767ms (cache revalidated)
104 silly packumentCache full:https://registry.npmjs.org/picomatch set size:118818 disposed:false
105 silly fetch manifest tinyrainbow@^2.0.0
106 silly packumentCache full:https://registry.npmjs.org/tinyrainbow cache-miss
107 http fetch GET 200 https://registry.npmjs.org/vite-node 349ms (cache miss)
108 silly packumentCache full:https://registry.npmjs.org/vite-node set size:undefined disposed:false
109 silly fetch manifest magic-string@^0.30.17
110 silly packumentCache full:https://registry.npmjs.org/magic-string cache-miss
111 http fetch GET 200 https://registry.npmjs.org/tinyglobby 213ms (cache miss)
112 silly packumentCache full:https://registry.npmjs.org/tinyglobby set size:undefined disposed:false
113 silly fetch manifest @vitest/utils@3.2.4
114 silly packumentCache full:https://registry.npmjs.org/@vitest%2futils cache-miss
115 http fetch GET 200 https://registry.npmjs.org/@types%2fchai 282ms (cache miss)
116 silly packumentCache full:https://registry.npmjs.org/@types%2fchai set size:undefined disposed:false
117 silly fetch manifest @vitest/expect@3.2.4
118 silly packumentCache full:https://registry.npmjs.org/@vitest%2fexpect cache-miss
119 http fetch GET 200 https://registry.npmjs.org/tinyrainbow 266ms (cache miss)
120 silly packumentCache full:https://registry.npmjs.org/tinyrainbow set size:undefined disposed:false
121 silly fetch manifest @vitest/mocker@3.2.4
122 silly packumentCache full:https://registry.npmjs.org/@vitest%2fmocker cache-miss
123 http fetch GET 200 https://registry.npmjs.org/@vitest%2fspy 286ms (cache miss)
124 silly packumentCache full:https://registry.npmjs.org/@vitest%2fspy set size:undefined disposed:false
125 silly fetch manifest @vitest/runner@3.2.4
126 silly packumentCache full:https://registry.npmjs.org/@vitest%2frunner cache-miss
127 http fetch GET 200 https://registry.npmjs.org/expect-type 289ms (cache miss)
128 silly packumentCache full:https://registry.npmjs.org/expect-type set size:undefined disposed:false
129 silly fetch manifest @vitest/snapshot@3.2.4
130 silly packumentCache full:https://registry.npmjs.org/@vitest%2fsnapshot cache-miss
131 http fetch GET 200 https://registry.npmjs.org/magic-string 293ms (cache miss)
132 silly packumentCache full:https://registry.npmjs.org/magic-string set size:undefined disposed:false
133 silly fetch manifest why-is-node-running@^2.3.0
134 silly packumentCache full:https://registry.npmjs.org/why-is-node-running cache-miss
135 http fetch GET 200 https://registry.npmjs.org/@vitest%2futils 353ms (cache miss)
136 silly packumentCache full:https://registry.npmjs.org/@vitest%2futils set size:undefined disposed:false
137 silly fetch manifest @vitest/pretty-format@^3.2.4
138 silly packumentCache full:https://registry.npmjs.org/@vitest%2fpretty-format cache-miss
139 http fetch GET 200 https://registry.npmjs.org/@vitest%2frunner 459ms (cache miss)
140 silly packumentCache full:https://registry.npmjs.org/@vitest%2frunner set size:undefined disposed:false
141 http fetch GET 200 https://registry.npmjs.org/@vitest%2fsnapshot 673ms (cache miss)
142 silly packumentCache full:https://registry.npmjs.org/@vitest%2fsnapshot set size:undefined disposed:false
143 http fetch GET 200 https://registry.npmjs.org/@vitest%2fmocker 699ms (cache miss)
144 silly packumentCache full:https://registry.npmjs.org/@vitest%2fmocker set size:undefined disposed:false
145 http fetch GET 200 https://registry.npmjs.org/why-is-node-running 561ms (cache miss)
146 silly packumentCache full:https://registry.npmjs.org/why-is-node-running set size:undefined disposed:false
147 http fetch GET 200 https://registry.npmjs.org/@vitest%2fexpect 707ms (cache miss)
148 silly packumentCache full:https://registry.npmjs.org/@vitest%2fexpect set size:undefined disposed:false
149 http fetch GET 200 https://registry.npmjs.org/@vitest%2fpretty-format 454ms (cache miss)
150 silly packumentCache full:https://registry.npmjs.org/@vitest%2fpretty-format set size:undefined disposed:false
151 http fetch GET 200 https://registry.npmjs.org/vite 3928ms (cache miss)
152 silly packumentCache full:https://registry.npmjs.org/vite set size:undefined disposed:false
153 silly fetch manifest @types/node@^18.0.0 || ^20.0.0 || >=22.0.0
154 silly packumentCache full:https://registry.npmjs.org/@types%2fnode cache-miss
155 http cache https://registry.npmjs.org/@types%2fnode 29ms (cache hit)
156 silly packumentCache full:https://registry.npmjs.org/@types%2fnode set size:10665074 disposed:false
157 silly fetch manifest jiti@>=1.21.0
158 silly packumentCache full:https://registry.npmjs.org/jiti cache-miss
159 http fetch GET 200 https://registry.npmjs.org/jiti 231ms (cache miss)
160 silly packumentCache full:https://registry.npmjs.org/jiti set size:undefined disposed:false
161 silly fetch manifest less@^4.0.0
162 silly packumentCache full:https://registry.npmjs.org/less cache-miss
163 http fetch GET 200 https://registry.npmjs.org/less 309ms (cache miss)
164 silly packumentCache full:https://registry.npmjs.org/less set size:undefined disposed:false
165 silly fetch manifest lightningcss@^1.21.0
166 silly packumentCache full:https://registry.npmjs.org/lightningcss cache-miss
167 http fetch GET 200 https://registry.npmjs.org/lightningcss 218ms (cache miss)
168 silly packumentCache full:https://registry.npmjs.org/lightningcss set size:undefined disposed:false
169 silly fetch manifest sass@^1.70.0
170 silly packumentCache full:https://registry.npmjs.org/sass cache-miss
171 http fetch GET 200 https://registry.npmjs.org/sass 342ms (cache miss)
172 silly packumentCache full:https://registry.npmjs.org/sass set size:undefined disposed:false
173 silly fetch manifest sass-embedded@^1.70.0
174 silly packumentCache full:https://registry.npmjs.org/sass-embedded cache-miss
175 http fetch GET 200 https://registry.npmjs.org/sass-embedded 219ms (cache miss)
176 silly packumentCache full:https://registry.npmjs.org/sass-embedded set size:undefined disposed:false
177 silly fetch manifest stylus@>=0.54.8
178 silly packumentCache full:https://registry.npmjs.org/stylus cache-miss
179 http fetch GET 200 https://registry.npmjs.org/stylus 195ms (cache miss)
180 silly packumentCache full:https://registry.npmjs.org/stylus set size:undefined disposed:false
181 silly fetch manifest sugarss@^5.0.0
182 silly packumentCache full:https://registry.npmjs.org/sugarss cache-miss
183 http fetch GET 200 https://registry.npmjs.org/sugarss 173ms (cache miss)
184 silly packumentCache full:https://registry.npmjs.org/sugarss set size:undefined disposed:false
185 silly fetch manifest postcss@^8.3.3
186 silly packumentCache full:https://registry.npmjs.org/postcss cache-miss
187 http fetch GET 200 https://registry.npmjs.org/postcss 294ms (cache miss)
188 silly packumentCache full:https://registry.npmjs.org/postcss set size:undefined disposed:false
189 silly fetch manifest terser@^5.16.0
190 silly packumentCache full:https://registry.npmjs.org/terser cache-miss
191 http fetch GET 200 https://registry.npmjs.org/terser 313ms (cache miss)
192 silly packumentCache full:https://registry.npmjs.org/terser set size:undefined disposed:false
193 silly fetch manifest tsx@^4.8.1
194 silly packumentCache full:https://registry.npmjs.org/tsx cache-miss
195 http fetch GET 200 https://registry.npmjs.org/tsx 233ms (cache revalidated)
196 silly packumentCache full:https://registry.npmjs.org/tsx set size:287318 disposed:false
197 silly fetch manifest yaml@^2.4.2
198 silly packumentCache full:https://registry.npmjs.org/yaml cache-miss
199 http fetch GET 200 https://registry.npmjs.org/yaml 225ms (cache miss)
200 silly packumentCache full:https://registry.npmjs.org/yaml set size:undefined disposed:false
201 silly fetch manifest msw@^2.4.9
202 silly packumentCache full:https://registry.npmjs.org/msw cache-miss
203 http fetch GET 200 https://registry.npmjs.org/msw 466ms (cache miss)
204 silly packumentCache full:https://registry.npmjs.org/msw set size:undefined disposed:false
205 silly fetch manifest typescript@>= 4.8.x
206 silly packumentCache full:https://registry.npmjs.org/typescript cache-miss
207 http fetch GET 200 https://registry.npmjs.org/typescript 555ms (cache revalidated)
208 silly packumentCache full:https://registry.npmjs.org/typescript set size:14806606 disposed:false
209 silly placeDep ROOT @types/chai@5.2.3 OK for: vitest@3.2.4 want: ^5.2.2
210 silly placeDep ROOT @vitest/expect@3.2.4 OK for: vitest@3.2.4 want: 3.2.4
211 silly placeDep ROOT @vitest/mocker@3.2.4 OK for: vitest@3.2.4 want: 3.2.4
212 silly placeDep ROOT @vitest/pretty-format@3.2.4 OK for: vitest@3.2.4 want: ^3.2.4
213 silly placeDep ROOT @vitest/runner@3.2.4 OK for: vitest@3.2.4 want: 3.2.4
214 silly placeDep ROOT @vitest/snapshot@3.2.4 OK for: vitest@3.2.4 want: 3.2.4
215 silly placeDep ROOT @vitest/spy@3.2.4 OK for: vitest@3.2.4 want: 3.2.4
216 silly placeDep ROOT @vitest/utils@3.2.4 OK for: vitest@3.2.4 want: 3.2.4
217 silly placeDep ROOT chai@5.3.3 OK for: vitest@3.2.4 want: ^5.2.0
218 silly placeDep ROOT expect-type@1.2.2 OK for: vitest@3.2.4 want: ^1.2.1
219 silly placeDep ROOT magic-string@0.30.19 OK for: vitest@3.2.4 want: ^0.30.17
220 silly placeDep ROOT pathe@2.0.3 OK for: vitest@3.2.4 want: ^2.0.3
221 silly placeDep node_modules/vitest picomatch@4.0.3 OK for: vitest@3.2.4 want: ^4.0.2
222 silly placeDep ROOT std-env@3.10.0 OK for: vitest@3.2.4 want: ^3.9.0
223 silly placeDep ROOT tinybench@2.9.0 OK for: vitest@3.2.4 want: ^2.9.0
224 silly placeDep ROOT tinyexec@0.3.2 OK for: vitest@3.2.4 want: ^0.3.2
225 silly placeDep ROOT tinyglobby@0.2.15 OK for: vitest@3.2.4 want: ^0.2.14
226 silly placeDep ROOT tinypool@1.1.1 OK for: vitest@3.2.4 want: ^1.1.1
227 silly placeDep ROOT tinyrainbow@2.0.0 OK for: vitest@3.2.4 want: ^2.0.0
228 silly placeDep ROOT vite@7.1.11 OK for: vitest@3.2.4 want: ^5.0.0 || ^6.0.0 || ^7.0.0-0
229 silly placeDep ROOT vite-node@3.2.4 OK for: vitest@3.2.4 want: 3.2.4
230 silly placeDep ROOT why-is-node-running@2.3.0 OK for: vitest@3.2.4 want: ^2.3.0
231 silly fetch manifest @types/deep-eql@*
232 silly packumentCache full:https://registry.npmjs.org/@types%2fdeep-eql cache-miss
233 silly fetch manifest assertion-error@^2.0.1
234 silly packumentCache full:https://registry.npmjs.org/assertion-error cache-miss
235 silly fetch manifest estree-walker@^3.0.3
236 silly packumentCache full:https://registry.npmjs.org/estree-walker cache-miss
237 silly fetch manifest strip-literal@^3.0.0
238 silly packumentCache full:https://registry.npmjs.org/strip-literal cache-miss
239 silly fetch manifest tinyspy@^4.0.3
240 silly packumentCache full:https://registry.npmjs.org/tinyspy cache-miss
241 silly fetch manifest loupe@^3.1.4
242 silly packumentCache full:https://registry.npmjs.org/loupe cache-miss
243 silly fetch manifest loupe@^3.1.0
244 silly packumentCache full:https://registry.npmjs.org/loupe cache-miss
245 http fetch GET 200 https://registry.npmjs.org/assertion-error 205ms (cache miss)
246 silly packumentCache full:https://registry.npmjs.org/assertion-error set size:undefined disposed:false
247 silly fetch manifest pathval@^2.0.0
248 silly packumentCache full:https://registry.npmjs.org/pathval cache-miss
249 http fetch GET 200 https://registry.npmjs.org/loupe 220ms (cache miss)
250 silly packumentCache full:https://registry.npmjs.org/loupe set size:undefined disposed:false
251 silly fetch manifest deep-eql@^5.0.1
252 silly packumentCache full:https://registry.npmjs.org/deep-eql cache-miss
253 http fetch GET 200 https://registry.npmjs.org/tinyspy 254ms (cache miss)
254 silly packumentCache full:https://registry.npmjs.org/tinyspy set size:undefined disposed:false
255 silly fetch manifest check-error@^2.1.1
256 silly packumentCache full:https://registry.npmjs.org/check-error cache-miss
257 http fetch GET 200 https://registry.npmjs.org/strip-literal 263ms (cache miss)
258 silly packumentCache full:https://registry.npmjs.org/strip-literal set size:undefined disposed:false
259 silly fetch manifest fdir@^6.5.0
260 silly packumentCache full:https://registry.npmjs.org/fdir cache-miss
261 http fetch GET 200 https://registry.npmjs.org/estree-walker 290ms (cache miss)
262 silly packumentCache full:https://registry.npmjs.org/estree-walker set size:undefined disposed:false
263 silly fetch manifest picomatch@^4.0.3
264 silly packumentCache full:https://registry.npmjs.org/picomatch cache-hit
265 silly fetch manifest fdir@^6.5.0
266 silly packumentCache full:https://registry.npmjs.org/fdir cache-miss
267 http fetch GET 200 https://registry.npmjs.org/loupe 294ms (cache miss)
268 silly packumentCache full:https://registry.npmjs.org/loupe set size:undefined disposed:false
269 silly fetch manifest rollup@^4.43.0
270 silly packumentCache full:https://registry.npmjs.org/rollup cache-miss
271 http fetch GET 200 https://registry.npmjs.org/@types%2fdeep-eql 305ms (cache miss)
272 silly packumentCache full:https://registry.npmjs.org/@types%2fdeep-eql set size:undefined disposed:false
273 silly fetch manifest postcss@^8.5.6
274 silly packumentCache full:https://registry.npmjs.org/postcss cache-miss
275 http cache https://registry.npmjs.org/postcss 9ms (cache hit)
276 silly packumentCache full:https://registry.npmjs.org/postcss set size:696248 disposed:false
277 silly fetch manifest cac@^6.7.14
278 silly packumentCache full:https://registry.npmjs.org/cac cache-miss
279 http fetch GET 200 https://registry.npmjs.org/pathval 162ms (cache miss)
280 silly packumentCache full:https://registry.npmjs.org/pathval set size:undefined disposed:false
281 silly fetch manifest es-module-lexer@^1.7.0
282 silly packumentCache full:https://registry.npmjs.org/es-module-lexer cache-miss
283 http fetch GET 200 https://registry.npmjs.org/deep-eql 166ms (cache miss)
284 silly packumentCache full:https://registry.npmjs.org/deep-eql set size:undefined disposed:false
285 silly fetch manifest siginfo@^2.0.0
286 silly packumentCache full:https://registry.npmjs.org/siginfo cache-miss
287 http fetch GET 200 https://registry.npmjs.org/check-error 177ms (cache miss)
288 silly packumentCache full:https://registry.npmjs.org/check-error set size:undefined disposed:false
289 silly fetch manifest stackback@0.0.2
290 silly packumentCache full:https://registry.npmjs.org/stackback cache-miss
291 http fetch GET 200 https://registry.npmjs.org/fdir 198ms (cache miss)
292 silly packumentCache full:https://registry.npmjs.org/fdir set size:undefined disposed:false
293 http fetch GET 200 https://registry.npmjs.org/fdir 189ms (cache miss)
294 silly packumentCache full:https://registry.npmjs.org/fdir set size:undefined disposed:false
295 http fetch GET 200 https://registry.npmjs.org/cac 323ms (cache miss)
296 silly packumentCache full:https://registry.npmjs.org/cac set size:undefined disposed:false
297 http fetch GET 200 https://registry.npmjs.org/es-module-lexer 292ms (cache miss)
298 silly packumentCache full:https://registry.npmjs.org/es-module-lexer set size:undefined disposed:false
299 http fetch GET 200 https://registry.npmjs.org/siginfo 386ms (cache miss)
300 silly packumentCache full:https://registry.npmjs.org/siginfo set size:undefined disposed:false
301 http fetch GET 200 https://registry.npmjs.org/stackback 349ms (cache miss)
302 silly packumentCache full:https://registry.npmjs.org/stackback set size:undefined disposed:false
303 http fetch GET 200 https://registry.npmjs.org/rollup 617ms (cache miss)
304 silly packumentCache full:https://registry.npmjs.org/rollup set size:undefined disposed:false
305 silly placeDep ROOT @types/deep-eql@4.0.2 OK for: @types/chai@5.2.3 want: *
306 silly placeDep ROOT assertion-error@2.0.1 OK for: @types/chai@5.2.3 want: ^2.0.1
307 silly placeDep ROOT estree-walker@3.0.3 OK for: @vitest/mocker@3.2.4 want: ^3.0.3
308 silly fetch manifest @types/estree@^1.0.0
309 silly packumentCache full:https://registry.npmjs.org/@types%2festree cache-miss
310 http fetch GET 200 https://registry.npmjs.org/@types%2festree 192ms (cache miss)
311 silly packumentCache full:https://registry.npmjs.org/@types%2festree set size:undefined disposed:false
312 silly placeDep ROOT strip-literal@3.1.0 OK for: @vitest/runner@3.2.4 want: ^3.0.0
313 silly fetch manifest js-tokens@^9.0.1
314 silly packumentCache full:https://registry.npmjs.org/js-tokens cache-miss
315 http fetch GET 200 https://registry.npmjs.org/js-tokens 267ms (cache revalidated)
316 silly packumentCache full:https://registry.npmjs.org/js-tokens set size:40514 disposed:false
317 silly placeDep ROOT tinyspy@4.0.4 OK for: @vitest/spy@3.2.4 want: ^4.0.3
318 silly placeDep ROOT loupe@3.2.1 OK for: @vitest/utils@3.2.4 want: ^3.1.4
319 silly placeDep ROOT check-error@2.1.1 OK for: chai@5.3.3 want: ^2.1.1
320 silly placeDep ROOT deep-eql@5.0.2 OK for: chai@5.3.3 want: ^5.0.1
321 silly placeDep ROOT pathval@2.0.1 OK for: chai@5.3.3 want: ^2.0.0
322 silly placeDep ROOT @types/estree@1.0.8 OK for: estree-walker@3.0.3 want: ^1.0.0
323 silly placeDep ROOT js-tokens@9.0.1 OK for: strip-literal@3.1.0 want: ^9.0.1
324 silly placeDep node_modules/tinyglobby fdir@6.5.0 OK for: tinyglobby@0.2.15 want: ^6.5.0
325 silly placeDep node_modules/tinyglobby picomatch@4.0.3 OK for: fdir@6.5.0 want: ^3 || ^4
326 silly placeDep node_modules/vite fdir@6.5.0 OK for: vite@7.1.11 want: ^6.5.0
327 silly placeDep node_modules/vite picomatch@4.0.3 OK for: fdir@6.5.0 want: ^3 || ^4
328 silly placeDep ROOT postcss@8.5.6 OK for: vite@7.1.11 want: ^8.5.6
329 silly placeDep ROOT rollup@4.52.5 OK for: vite@7.1.11 want: ^4.43.0
330 silly fetch manifest nanoid@^3.3.11
331 silly packumentCache full:https://registry.npmjs.org/nanoid cache-miss
332 silly fetch manifest picocolors@^1.1.1
333 silly packumentCache full:https://registry.npmjs.org/picocolors cache-miss
334 silly fetch manifest source-map-js@^1.2.1
335 silly packumentCache full:https://registry.npmjs.org/source-map-js cache-miss
336 silly fetch manifest @rollup/rollup-darwin-arm64@4.52.5
337 silly packumentCache full:https://registry.npmjs.org/@rollup%2frollup-darwin-arm64 cache-miss
338 silly fetch manifest @rollup/rollup-android-arm64@4.52.5
339 silly packumentCache full:https://registry.npmjs.org/@rollup%2frollup-android-arm64 cache-miss
340 silly fetch manifest @rollup/rollup-win32-arm64-msvc@4.52.5
341 silly packumentCache full:https://registry.npmjs.org/@rollup%2frollup-win32-arm64-msvc cache-miss
342 silly fetch manifest @rollup/rollup-freebsd-arm64@4.52.5
343 silly packumentCache full:https://registry.npmjs.org/@rollup%2frollup-freebsd-arm64 cache-miss
344 http fetch GET 200 https://registry.npmjs.org/source-map-js 177ms (cache miss)
345 silly packumentCache full:https://registry.npmjs.org/source-map-js set size:undefined disposed:false
346 silly fetch manifest @rollup/rollup-linux-arm64-gnu@4.52.5
347 silly packumentCache full:https://registry.npmjs.org/@rollup%2frollup-linux-arm64-gnu cache-miss
348 http fetch GET 200 https://registry.npmjs.org/@rollup%2frollup-darwin-arm64 224ms (cache miss)
349 silly packumentCache full:https://registry.npmjs.org/@rollup%2frollup-darwin-arm64 set size:undefined disposed:false
350 silly fetch manifest @rollup/rollup-linux-arm64-musl@4.52.5
351 silly packumentCache full:https://registry.npmjs.org/@rollup%2frollup-linux-arm64-musl cache-miss
352 http fetch GET 200 https://registry.npmjs.org/@rollup%2frollup-android-arm64 263ms (cache miss)
353 silly packumentCache full:https://registry.npmjs.org/@rollup%2frollup-android-arm64 set size:undefined disposed:false
354 silly fetch manifest @rollup/rollup-android-arm-eabi@4.52.5
355 silly packumentCache full:https://registry.npmjs.org/@rollup%2frollup-android-arm-eabi cache-miss
356 http fetch GET 200 https://registry.npmjs.org/@rollup%2frollup-freebsd-arm64 328ms (cache miss)
357 silly packumentCache full:https://registry.npmjs.org/@rollup%2frollup-freebsd-arm64 set size:undefined disposed:false
358 silly fetch manifest @rollup/rollup-linux-arm-gnueabihf@4.52.5
359 silly packumentCache full:https://registry.npmjs.org/@rollup%2frollup-linux-arm-gnueabihf cache-miss
360 http fetch GET 200 https://registry.npmjs.org/nanoid 331ms (cache miss)
361 silly packumentCache full:https://registry.npmjs.org/nanoid set size:undefined disposed:false
362 silly fetch manifest @rollup/rollup-linux-arm-musleabihf@4.52.5
363 silly packumentCache full:https://registry.npmjs.org/@rollup%2frollup-linux-arm-musleabihf cache-miss
364 http fetch GET 200 https://registry.npmjs.org/picocolors 402ms (cache revalidated)
365 silly packumentCache full:https://registry.npmjs.org/picocolors set size:16648 disposed:false
366 silly fetch manifest @rollup/rollup-win32-ia32-msvc@4.52.5
367 silly packumentCache full:https://registry.npmjs.org/@rollup%2frollup-win32-ia32-msvc cache-miss
368 http fetch GET 200 https://registry.npmjs.org/@rollup%2frollup-win32-arm64-msvc 405ms (cache miss)
369 silly packumentCache full:https://registry.npmjs.org/@rollup%2frollup-win32-arm64-msvc set size:undefined disposed:false
370 silly fetch manifest @rollup/rollup-linux-loong64-gnu@4.52.5
371 silly packumentCache full:https://registry.npmjs.org/@rollup%2frollup-linux-loong64-gnu cache-miss
372 http fetch GET 200 https://registry.npmjs.org/@rollup%2frollup-linux-arm64-gnu 236ms (cache miss)
373 silly packumentCache full:https://registry.npmjs.org/@rollup%2frollup-linux-arm64-gnu set size:undefined disposed:false
374 silly fetch manifest @rollup/rollup-linux-riscv64-gnu@4.52.5
375 silly packumentCache full:https://registry.npmjs.org/@rollup%2frollup-linux-riscv64-gnu cache-miss
376 http fetch GET 200 https://registry.npmjs.org/@rollup%2frollup-linux-arm64-musl 261ms (cache miss)
377 silly packumentCache full:https://registry.npmjs.org/@rollup%2frollup-linux-arm64-musl set size:undefined disposed:false
378 silly fetch manifest @rollup/rollup-linux-riscv64-musl@4.52.5
379 silly packumentCache full:https://registry.npmjs.org/@rollup%2frollup-linux-riscv64-musl cache-miss
380 http fetch GET 200 https://registry.npmjs.org/@rollup%2frollup-linux-arm-gnueabihf 212ms (cache miss)
381 silly packumentCache full:https://registry.npmjs.org/@rollup%2frollup-linux-arm-gnueabihf set size:undefined disposed:false
382 silly fetch manifest @rollup/rollup-linux-ppc64-gnu@4.52.5
383 silly packumentCache full:https://registry.npmjs.org/@rollup%2frollup-linux-ppc64-gnu cache-miss
384 http fetch GET 200 https://registry.npmjs.org/@rollup%2frollup-linux-arm-musleabihf 218ms (cache miss)
385 silly packumentCache full:https://registry.npmjs.org/@rollup%2frollup-linux-arm-musleabihf set size:undefined disposed:false
386 silly fetch manifest @rollup/rollup-linux-s390x-gnu@4.52.5
387 silly packumentCache full:https://registry.npmjs.org/@rollup%2frollup-linux-s390x-gnu cache-miss
388 http fetch GET 200 https://registry.npmjs.org/@rollup%2frollup-android-arm-eabi 303ms (cache miss)
389 silly packumentCache full:https://registry.npmjs.org/@rollup%2frollup-android-arm-eabi set size:undefined disposed:false
390 silly fetch manifest @rollup/rollup-darwin-x64@4.52.5
391 silly packumentCache full:https://registry.npmjs.org/@rollup%2frollup-darwin-x64 cache-miss
392 http fetch GET 200 https://registry.npmjs.org/@rollup%2frollup-linux-loong64-gnu 190ms (cache miss)
393 silly packumentCache full:https://registry.npmjs.org/@rollup%2frollup-linux-loong64-gnu set size:undefined disposed:false
394 silly fetch manifest @rollup/rollup-win32-x64-gnu@4.52.5
395 silly packumentCache full:https://registry.npmjs.org/@rollup%2frollup-win32-x64-gnu cache-miss
396 http fetch GET 200 https://registry.npmjs.org/@rollup%2frollup-linux-riscv64-gnu 246ms (cache miss)
397 silly packumentCache full:https://registry.npmjs.org/@rollup%2frollup-linux-riscv64-gnu set size:undefined disposed:false
398 silly fetch manifest @rollup/rollup-win32-x64-msvc@4.52.5
399 silly packumentCache full:https://registry.npmjs.org/@rollup%2frollup-win32-x64-msvc cache-miss
400 http fetch GET 200 https://registry.npmjs.org/@rollup%2frollup-win32-ia32-msvc 262ms (cache miss)
401 silly packumentCache full:https://registry.npmjs.org/@rollup%2frollup-win32-ia32-msvc set size:undefined disposed:false
402 silly fetch manifest @rollup/rollup-freebsd-x64@4.52.5
403 silly packumentCache full:https://registry.npmjs.org/@rollup%2frollup-freebsd-x64 cache-miss
404 http fetch GET 200 https://registry.npmjs.org/@rollup%2frollup-linux-riscv64-musl 197ms (cache miss)
405 silly packumentCache full:https://registry.npmjs.org/@rollup%2frollup-linux-riscv64-musl set size:undefined disposed:false
406 silly fetch manifest @rollup/rollup-linux-x64-gnu@4.52.5
407 silly packumentCache full:https://registry.npmjs.org/@rollup%2frollup-linux-x64-gnu cache-miss
408 http fetch GET 200 https://registry.npmjs.org/@rollup%2frollup-linux-ppc64-gnu 212ms (cache miss)
409 silly packumentCache full:https://registry.npmjs.org/@rollup%2frollup-linux-ppc64-gnu set size:undefined disposed:false
410 silly fetch manifest @rollup/rollup-linux-x64-musl@4.52.5
411 silly packumentCache full:https://registry.npmjs.org/@rollup%2frollup-linux-x64-musl cache-miss
412 http fetch GET 200 https://registry.npmjs.org/@rollup%2frollup-linux-s390x-gnu 225ms (cache miss)
413 silly packumentCache full:https://registry.npmjs.org/@rollup%2frollup-linux-s390x-gnu set size:undefined disposed:false
414 silly fetch manifest @rollup/rollup-openharmony-arm64@4.52.5
415 silly packumentCache full:https://registry.npmjs.org/@rollup%2frollup-openharmony-arm64 cache-miss
416 http fetch GET 200 https://registry.npmjs.org/@rollup%2frollup-darwin-x64 221ms (cache miss)
417 silly packumentCache full:https://registry.npmjs.org/@rollup%2frollup-darwin-x64 set size:undefined disposed:false
418 http fetch GET 200 https://registry.npmjs.org/@rollup%2frollup-win32-x64-gnu 230ms (cache miss)
419 silly packumentCache full:https://registry.npmjs.org/@rollup%2frollup-win32-x64-gnu set size:undefined disposed:false
420 http fetch GET 200 https://registry.npmjs.org/@rollup%2frollup-win32-x64-msvc 195ms (cache miss)
421 silly packumentCache full:https://registry.npmjs.org/@rollup%2frollup-win32-x64-msvc set size:undefined disposed:false
422 http fetch GET 200 https://registry.npmjs.org/@rollup%2frollup-freebsd-x64 223ms (cache miss)
423 silly packumentCache full:https://registry.npmjs.org/@rollup%2frollup-freebsd-x64 set size:undefined disposed:false
424 http fetch GET 200 https://registry.npmjs.org/@rollup%2frollup-linux-x64-gnu 215ms (cache miss)
425 silly packumentCache full:https://registry.npmjs.org/@rollup%2frollup-linux-x64-gnu set size:undefined disposed:false
426 http fetch GET 200 https://registry.npmjs.org/@rollup%2frollup-linux-x64-musl 203ms (cache miss)
427 silly packumentCache full:https://registry.npmjs.org/@rollup%2frollup-linux-x64-musl set size:undefined disposed:false
428 http fetch GET 200 https://registry.npmjs.org/@rollup%2frollup-openharmony-arm64 219ms (cache miss)
429 silly packumentCache full:https://registry.npmjs.org/@rollup%2frollup-openharmony-arm64 set size:undefined disposed:false
430 silly placeDep ROOT nanoid@3.3.11 OK for: postcss@8.5.6 want: ^3.3.11
431 silly placeDep ROOT picocolors@1.1.1 OK for: postcss@8.5.6 want: ^1.1.1
432 silly placeDep ROOT source-map-js@1.2.1 OK for: postcss@8.5.6 want: ^1.2.1
433 silly placeDep ROOT @rollup/rollup-android-arm-eabi@4.52.5 OK for: rollup@4.52.5 want: 4.52.5
434 silly placeDep ROOT @rollup/rollup-android-arm64@4.52.5 OK for: rollup@4.52.5 want: 4.52.5
435 silly placeDep ROOT @rollup/rollup-darwin-arm64@4.52.5 OK for: rollup@4.52.5 want: 4.52.5
436 silly placeDep ROOT @rollup/rollup-darwin-x64@4.52.5 OK for: rollup@4.52.5 want: 4.52.5
437 silly placeDep ROOT @rollup/rollup-freebsd-arm64@4.52.5 OK for: rollup@4.52.5 want: 4.52.5
438 silly placeDep ROOT @rollup/rollup-freebsd-x64@4.52.5 OK for: rollup@4.52.5 want: 4.52.5
439 silly placeDep ROOT @rollup/rollup-linux-arm-gnueabihf@4.52.5 OK for: rollup@4.52.5 want: 4.52.5
440 silly placeDep ROOT @rollup/rollup-linux-arm-musleabihf@4.52.5 OK for: rollup@4.52.5 want: 4.52.5
441 silly placeDep ROOT @rollup/rollup-linux-arm64-gnu@4.52.5 OK for: rollup@4.52.5 want: 4.52.5
442 silly placeDep ROOT @rollup/rollup-linux-arm64-musl@4.52.5 OK for: rollup@4.52.5 want: 4.52.5
443 silly placeDep ROOT @rollup/rollup-linux-loong64-gnu@4.52.5 OK for: rollup@4.52.5 want: 4.52.5
444 silly placeDep ROOT @rollup/rollup-linux-ppc64-gnu@4.52.5 OK for: rollup@4.52.5 want: 4.52.5
445 silly placeDep ROOT @rollup/rollup-linux-riscv64-gnu@4.52.5 OK for: rollup@4.52.5 want: 4.52.5
446 silly placeDep ROOT @rollup/rollup-linux-riscv64-musl@4.52.5 OK for: rollup@4.52.5 want: 4.52.5
447 silly placeDep ROOT @rollup/rollup-linux-s390x-gnu@4.52.5 OK for: rollup@4.52.5 want: 4.52.5
448 silly placeDep ROOT @rollup/rollup-linux-x64-gnu@4.52.5 OK for: rollup@4.52.5 want: 4.52.5
449 silly placeDep ROOT @rollup/rollup-linux-x64-musl@4.52.5 OK for: rollup@4.52.5 want: 4.52.5
450 silly placeDep ROOT @rollup/rollup-openharmony-arm64@4.52.5 OK for: rollup@4.52.5 want: 4.52.5
451 silly placeDep ROOT @rollup/rollup-win32-arm64-msvc@4.52.5 OK for: rollup@4.52.5 want: 4.52.5
452 silly placeDep ROOT @rollup/rollup-win32-ia32-msvc@4.52.5 OK for: rollup@4.52.5 want: 4.52.5
453 silly placeDep ROOT @rollup/rollup-win32-x64-gnu@4.52.5 OK for: rollup@4.52.5 want: 4.52.5
454 silly placeDep ROOT @rollup/rollup-win32-x64-msvc@4.52.5 OK for: rollup@4.52.5 want: 4.52.5
455 silly placeDep ROOT cac@6.7.14 OK for: vite-node@3.2.4 want: ^6.7.14
456 silly placeDep ROOT es-module-lexer@1.7.0 OK for: vite-node@3.2.4 want: ^1.7.0
457 silly placeDep ROOT siginfo@2.0.0 OK for: why-is-node-running@2.3.0 want: ^2.0.0
458 silly placeDep ROOT stackback@0.0.2 OK for: why-is-node-running@2.3.0 want: 0.0.2
459 silly reify moves {}
460 silly audit bulk request {
460 silly audit   '@cspotcode/source-map-support': [ '0.8.1' ],
460 silly audit   '@esbuild/aix-ppc64': [ '0.25.11' ],
460 silly audit   '@esbuild/android-arm': [ '0.25.11' ],
460 silly audit   '@esbuild/android-arm64': [ '0.25.11' ],
460 silly audit   '@esbuild/android-x64': [ '0.25.11' ],
460 silly audit   '@esbuild/darwin-arm64': [ '0.25.11' ],
460 silly audit   '@esbuild/darwin-x64': [ '0.25.11' ],
460 silly audit   '@esbuild/freebsd-arm64': [ '0.25.11' ],
460 silly audit   '@esbuild/freebsd-x64': [ '0.25.11' ],
460 silly audit   '@esbuild/linux-arm': [ '0.25.11' ],
460 silly audit   '@esbuild/linux-arm64': [ '0.25.11' ],
460 silly audit   '@esbuild/linux-ia32': [ '0.25.11' ],
460 silly audit   '@esbuild/linux-loong64': [ '0.25.11' ],
460 silly audit   '@esbuild/linux-mips64el': [ '0.25.11' ],
460 silly audit   '@esbuild/linux-ppc64': [ '0.25.11' ],
460 silly audit   '@esbuild/linux-riscv64': [ '0.25.11' ],
460 silly audit   '@esbuild/linux-s390x': [ '0.25.11' ],
460 silly audit   '@esbuild/linux-x64': [ '0.25.11' ],
460 silly audit   '@esbuild/netbsd-arm64': [ '0.25.11' ],
460 silly audit   '@esbuild/netbsd-x64': [ '0.25.11' ],
460 silly audit   '@esbuild/openbsd-arm64': [ '0.25.11' ],
460 silly audit   '@esbuild/openbsd-x64': [ '0.25.11' ],
460 silly audit   '@esbuild/openharmony-arm64': [ '0.25.11' ],
460 silly audit   '@esbuild/sunos-x64': [ '0.25.11' ],
460 silly audit   '@esbuild/win32-arm64': [ '0.25.11' ],
460 silly audit   '@esbuild/win32-ia32': [ '0.25.11' ],
460 silly audit   '@esbuild/win32-x64': [ '0.25.11' ],
460 silly audit   '@jridgewell/resolve-uri': [ '3.1.2' ],
460 silly audit   '@jridgewell/sourcemap-codec': [ '1.5.5' ],
460 silly audit   '@jridgewell/trace-mapping': [ '0.3.9' ],
460 silly audit   '@tsconfig/node10': [ '1.0.11' ],
460 silly audit   '@tsconfig/node12': [ '1.0.11' ],
460 silly audit   '@tsconfig/node14': [ '1.0.3' ],
460 silly audit   '@tsconfig/node16': [ '1.0.4' ],
460 silly audit   '@types/better-sqlite3': [ '7.6.13' ],
460 silly audit   '@types/body-parser': [ '1.19.6' ],
460 silly audit   '@types/connect': [ '3.4.38' ],
460 silly audit   '@types/cookiejar': [ '2.1.5' ],
460 silly audit   '@types/express': [ '5.0.3' ],
460 silly audit   '@types/express-serve-static-core': [ '5.1.0' ],
460 silly audit   '@types/http-errors': [ '2.0.5' ],
460 silly audit   '@types/methods': [ '1.1.4' ],
460 silly audit   '@types/mime': [ '1.3.5' ],
460 silly audit   '@types/qs': [ '6.14.0' ],
460 silly audit   '@types/range-parser': [ '1.2.7' ],
460 silly audit   '@types/send': [ '1.2.0', '0.17.5' ],
460 silly audit   '@types/serve-static': [ '1.15.9' ],
460 silly audit   '@types/strip-bom': [ '3.0.0' ],
460 silly audit   '@types/strip-json-comments': [ '0.0.30' ],
460 silly audit   '@types/superagent': [ '8.1.9' ],
460 silly audit   '@types/supertest': [ '6.0.3' ],
460 silly audit   accepts: [ '2.0.0' ],
460 silly audit   acorn: [ '8.15.0' ],
460 silly audit   'acorn-walk': [ '8.3.4' ],
460 silly audit   anymatch: [ '3.1.3' ],
460 silly audit   arg: [ '4.1.3' ],
460 silly audit   asynckit: [ '0.4.0' ],
460 silly audit   axios: [ '1.12.2' ],
460 silly audit   'balanced-match': [ '1.0.2' ],
460 silly audit   'base64-js': [ '1.5.1' ],
460 silly audit   'better-sqlite3': [ '12.4.1' ],
460 silly audit   'binary-extensions': [ '2.3.0' ],
460 silly audit   bindings: [ '1.5.0' ],
460 silly audit   bl: [ '4.1.0' ],
460 silly audit   'body-parser': [ '2.2.0' ],
460 silly audit   'brace-expansion': [ '1.1.12' ],
460 silly audit   braces: [ '3.0.3' ],
460 silly audit   buffer: [ '5.7.1' ],
460 silly audit   'buffer-from': [ '1.1.2' ],
460 silly audit   bytes: [ '3.1.2' ],
460 silly audit   'call-bind-apply-helpers': [ '1.0.2' ],
460 silly audit   'call-bound': [ '1.0.4' ],
460 silly audit   chokidar: [ '3.6.0' ],
460 silly audit   chownr: [ '1.1.4' ],
460 silly audit   'combined-stream': [ '1.0.8' ],
460 silly audit   'concat-map': [ '0.0.1' ],
460 silly audit   'content-disposition': [ '1.0.0' ],
460 silly audit   'content-type': [ '1.0.5' ],
460 silly audit   cookie: [ '0.7.2' ],
460 silly audit   'cookie-signature': [ '1.2.2' ],
460 silly audit   cors: [ '2.8.5' ],
460 silly audit   'create-require': [ '1.1.1' ],
460 silly audit   crypto: [ '1.0.1' ],
460 silly audit   debug: [ '4.4.3' ],
460 silly audit   'decompress-response': [ '6.0.0' ],
460 silly audit   'deep-extend': [ '0.6.0' ],
460 silly audit   'delayed-stream': [ '1.0.0' ],
460 silly audit   depd: [ '2.0.0' ],
460 silly audit   'detect-libc': [ '2.1.2' ],
460 silly audit   diff: [ '4.0.2' ],
460 silly audit   'dunder-proto': [ '1.0.1' ],
460 silly audit   'dynamic-dedupe': [ '0.3.0' ],
460 silly audit   'ee-first': [ '1.1.1' ],
460 silly audit   encodeurl: [ '2.0.0' ],
460 silly audit   'end-of-stream': [ '1.4.5' ],
460 silly audit   'es-define-property': [ '1.0.1' ],
460 silly audit   'es-errors': [ '1.3.0' ],
460 silly audit   'es-object-atoms': [ '1.1.1' ],
460 silly audit   'es-set-tostringtag': [ '2.1.0' ],
460 silly audit   esbuild: [ '0.25.11' ],
460 silly audit   'escape-html': [ '1.0.3' ],
460 silly audit   etag: [ '1.8.1' ],
460 silly audit   'expand-template': [ '2.0.3' ],
460 silly audit   express: [ '5.1.0' ],
460 silly audit   'file-uri-to-path': [ '1.0.0' ],
460 silly audit   'fill-range': [ '7.1.1' ],
460 silly audit   finalhandler: [ '2.1.0' ],
460 silly audit   'follow-redirects': [ '1.15.11' ],
460 silly audit   'form-data': [ '4.0.4' ],
460 silly audit   'mime-db': [ '1.52.0', '1.54.0' ],
460 silly audit   'mime-types': [ '2.1.35', '3.0.1' ],
460 silly audit   forwarded: [ '0.2.0' ],
460 silly audit   fresh: [ '2.0.0' ],
460 silly audit   'fs-constants': [ '1.0.0' ],
460 silly audit   'fs.realpath': [ '1.0.0' ],
460 silly audit   fsevents: [ '2.3.3' ],
460 silly audit   'function-bind': [ '1.1.2' ],
460 silly audit   'get-intrinsic': [ '1.3.0' ],
460 silly audit   'get-proto': [ '1.0.1' ],
460 silly audit   'get-tsconfig': [ '4.12.0' ],
460 silly audit   'github-from-package': [ '0.0.0' ],
460 silly audit   glob: [ '7.2.3' ],
460 silly audit   'glob-parent': [ '5.1.2' ],
460 silly audit   gopd: [ '1.2.0' ],
460 silly audit   'has-flag': [ '3.0.0' ],
460 silly audit   'has-symbols': [ '1.1.0' ],
460 silly audit   'has-tostringtag': [ '1.0.2' ],
460 silly audit   hasown: [ '2.0.2' ],
460 silly audit   helmet: [ '8.1.0' ],
460 silly audit   'http-errors': [ '2.0.0' ],
460 silly audit   statuses: [ '2.0.1', '2.0.2' ],
460 silly audit   'iconv-lite': [ '0.6.3', '0.7.0' ],
460 silly audit   ieee754: [ '1.2.1' ],
460 silly audit   'ignore-by-default': [ '1.0.1' ],
460 silly audit   inflight: [ '1.0.6' ],
460 silly audit   inherits: [ '2.0.4' ],
460 silly audit   ini: [ '1.3.8' ],
460 silly audit   'ipaddr.js': [ '1.9.1' ],
460 silly audit   'is-binary-path': [ '2.1.0' ],
460 silly audit   'is-core-module': [ '2.16.1' ],
460 silly audit   'is-extglob': [ '2.1.1' ],
460 silly audit   'is-glob': [ '4.0.3' ],
460 silly audit   'is-number': [ '7.0.0' ],
460 silly audit   'is-promise': [ '4.0.0' ],
460 silly audit   'make-error': [ '1.3.6' ],
460 silly audit   'math-intrinsics': [ '1.1.0' ],
460 silly audit   'media-typer': [ '1.1.0' ],
460 silly audit   'merge-descriptors': [ '2.0.0' ],
460 silly audit   'mimic-response': [ '3.1.0' ],
460 silly audit   minimatch: [ '3.1.2' ],
460 silly audit   minimist: [ '1.2.8' ],
460 silly audit   mkdirp: [ '1.0.4' ],
460 silly audit   'mkdirp-classic': [ '0.5.3' ],
460 silly audit   ms: [ '2.1.3' ],
460 silly audit   'napi-build-utils': [ '2.0.0' ],
460 silly audit   negotiator: [ '1.0.0' ],
460 silly audit   'node-abi': [ '3.78.0' ],
460 silly audit   nodemon: [ '3.1.10' ],
460 silly audit   'normalize-path': [ '3.0.0' ],
460 silly audit   'object-assign': [ '4.1.1' ],
460 silly audit   'object-inspect': [ '1.13.4' ],
460 silly audit   'on-finished': [ '2.4.1' ],
460 silly audit   once: [ '1.4.0' ],
460 silly audit   parseurl: [ '1.3.3' ],
460 silly audit   'path-is-absolute': [ '1.0.1' ],
460 silly audit   'path-parse': [ '1.0.7' ],
460 silly audit   'path-to-regexp': [ '8.3.0' ],
460 silly audit   picomatch: [ '2.3.1', '4.0.3' ],
460 silly audit   'prebuild-install': [ '7.1.3' ],
460 silly audit   'proxy-addr': [ '2.0.7' ],
460 silly audit   'proxy-from-env': [ '1.1.0' ],
460 silly audit   'pstree.remy': [ '1.1.8' ],
460 silly audit   pump: [ '3.0.3' ],
460 silly audit   qs: [ '6.14.0' ],
460 silly audit   'range-parser': [ '1.2.1' ],
460 silly audit   'raw-body': [ '3.0.1' ],
460 silly audit   rc: [ '1.2.8' ],
460 silly audit   'readable-stream': [ '3.6.2' ],
460 silly audit   readdirp: [ '3.6.0' ],
460 silly audit   resolve: [ '1.22.11' ],
460 silly audit   'resolve-pkg-maps': [ '1.0.0' ],
460 silly audit   rimraf: [ '2.7.1' ],
460 silly audit   router: [ '2.2.0' ],
460 silly audit   'safe-buffer': [ '5.2.1' ],
460 silly audit   'safer-buffer': [ '2.1.2' ],
460 silly audit   semver: [ '7.7.3' ],
460 silly audit   send: [ '1.2.0' ],
460 silly audit   'serve-static': [ '2.2.0' ],
460 silly audit   setprototypeof: [ '1.2.0' ],
460 silly audit   'side-channel': [ '1.1.0' ],
460 silly audit   'side-channel-list': [ '1.0.0' ],
460 silly audit   'side-channel-map': [ '1.0.1' ],
460 silly audit   'side-channel-weakmap': [ '1.0.2' ],
460 silly audit   'simple-concat': [ '1.0.1' ],
460 silly audit   'simple-get': [ '4.0.1' ],
460 silly audit   'simple-update-notifier': [ '2.0.0' ],
460 silly audit   'source-map': [ '0.6.1' ],
460 silly audit   'source-map-support': [ '0.5.21' ],
460 silly audit   string_decoder: [ '1.3.0' ],
460 silly audit   'strip-bom': [ '3.0.0' ],
460 silly audit   'strip-json-comments': [ '2.0.1' ],
460 silly audit   'supports-color': [ '5.5.0' ],
460 silly audit   'supports-preserve-symlinks-flag': [ '1.0.0' ],
460 silly audit   'tar-fs': [ '2.1.4' ],
460 silly audit   'tar-stream': [ '2.2.0' ],
460 silly audit   'to-regex-range': [ '5.0.1' ],
460 silly audit   toidentifier: [ '1.0.1' ],
460 silly audit   touch: [ '3.1.1' ],
460 silly audit   'tree-kill': [ '1.2.2' ],
460 silly audit   'ts-node': [ '10.9.2' ],
460 silly audit   'ts-node-dev': [ '2.0.0' ],
460 silly audit   tsconfig: [ '7.0.0' ],
460 silly audit   tsx: [ '4.20.6' ],
460 silly audit   'tunnel-agent': [ '0.6.0' ],
460 silly audit   'type-is': [ '2.0.1' ],
460 silly audit   typescript: [ '5.9.3' ],
460 silly audit   undefsafe: [ '2.0.5' ],
460 silly audit   'undici-types': [ '7.16.0' ],
460 silly audit   unpipe: [ '1.0.0' ],
460 silly audit   'util-deprecate': [ '1.0.2' ],
460 silly audit   'v8-compile-cache-lib': [ '3.0.1' ],
460 silly audit   vary: [ '1.1.2' ],
460 silly audit   wrappy: [ '1.0.2' ],
460 silly audit   xtend: [ '4.0.2' ],
460 silly audit   yn: [ '3.1.1' ],
460 silly audit   '@types/node': [ '24.9.1' ],
460 silly audit   vitest: [ '3.2.4' ],
460 silly audit   '@types/chai': [ '5.2.3' ],
460 silly audit   '@vitest/expect': [ '3.2.4' ],
460 silly audit   '@vitest/mocker': [ '3.2.4' ],
460 silly audit   '@vitest/pretty-format': [ '3.2.4' ],
460 silly audit   '@vitest/runner': [ '3.2.4' ],
460 silly audit   '@vitest/snapshot': [ '3.2.4' ],
460 silly audit   '@vitest/spy': [ '3.2.4' ],
460 silly audit   '@vitest/utils': [ '3.2.4' ],
460 silly audit   chai: [ '5.3.3' ],
460 silly audit   'expect-type': [ '1.2.2' ],
460 silly audit   'magic-string': [ '0.30.19' ],
460 silly audit   pathe: [ '2.0.3' ],
460 silly audit   'std-env': [ '3.10.0' ],
460 silly audit   tinybench: [ '2.9.0' ],
460 silly audit   tinyexec: [ '0.3.2' ],
460 silly audit   tinyglobby: [ '0.2.15' ],
460 silly audit   tinypool: [ '1.1.1' ],
460 silly audit   tinyrainbow: [ '2.0.0' ],
460 silly audit   vite: [ '7.1.11' ],
460 silly audit   'vite-node': [ '3.2.4' ],
460 silly audit   'why-is-node-running': [ '2.3.0' ],
460 silly audit   '@types/deep-eql': [ '4.0.2' ],
460 silly audit   'assertion-error': [ '2.0.1' ],
460 silly audit   'estree-walker': [ '3.0.3' ],
460 silly audit   'strip-literal': [ '3.1.0' ],
460 silly audit   tinyspy: [ '4.0.4' ],
460 silly audit   loupe: [ '3.2.1' ],
460 silly audit   'check-error': [ '2.1.1' ],
460 silly audit   'deep-eql': [ '5.0.2' ],
460 silly audit   pathval: [ '2.0.1' ],
460 silly audit   '@types/estree': [ '1.0.8' ],
460 silly audit   'js-tokens': [ '9.0.1' ],
460 silly audit   fdir: [ '6.5.0' ],
460 silly audit   postcss: [ '8.5.6' ],
460 silly audit   rollup: [ '4.52.5' ],
460 silly audit   nanoid: [ '3.3.11' ],
460 silly audit   picocolors: [ '1.1.1' ],
460 silly audit   'source-map-js': [ '1.2.1' ],
460 silly audit   '@rollup/rollup-android-arm-eabi': [ '4.52.5' ],
460 silly audit   '@rollup/rollup-android-arm64': [ '4.52.5' ],
460 silly audit   '@rollup/rollup-darwin-arm64': [ '4.52.5' ],
460 silly audit   '@rollup/rollup-darwin-x64': [ '4.52.5' ],
460 silly audit   '@rollup/rollup-freebsd-arm64': [ '4.52.5' ],
460 silly audit   '@rollup/rollup-freebsd-x64': [ '4.52.5' ],
460 silly audit   '@rollup/rollup-linux-arm-gnueabihf': [ '4.52.5' ],
460 silly audit   '@rollup/rollup-linux-arm-musleabihf': [ '4.52.5' ],
460 silly audit   '@rollup/rollup-linux-arm64-gnu': [ '4.52.5' ],
460 silly audit   '@rollup/rollup-linux-arm64-musl': [ '4.52.5' ],
460 silly audit   '@rollup/rollup-linux-loong64-gnu': [ '4.52.5' ],
460 silly audit   '@rollup/rollup-linux-ppc64-gnu': [ '4.52.5' ],
460 silly audit   '@rollup/rollup-linux-riscv64-gnu': [ '4.52.5' ],
460 silly audit   '@rollup/rollup-linux-riscv64-musl': [ '4.52.5' ],
460 silly audit   '@rollup/rollup-linux-s390x-gnu': [ '4.52.5' ],
460 silly audit   '@rollup/rollup-linux-x64-gnu': [ '4.52.5' ],
460 silly audit   '@rollup/rollup-linux-x64-musl': [ '4.52.5' ],
460 silly audit   '@rollup/rollup-openharmony-arm64': [ '4.52.5' ],
460 silly audit   '@rollup/rollup-win32-arm64-msvc': [ '4.52.5' ],
460 silly audit   '@rollup/rollup-win32-ia32-msvc': [ '4.52.5' ],
460 silly audit   '@rollup/rollup-win32-x64-gnu': [ '4.52.5' ],
460 silly audit   '@rollup/rollup-win32-x64-msvc': [ '4.52.5' ],
460 silly audit   cac: [ '6.7.14' ],
460 silly audit   'es-module-lexer': [ '1.7.0' ],
460 silly audit   siginfo: [ '2.0.0' ],
460 silly audit   stackback: [ '0.0.2' ]
460 silly audit }
461 verbose reify failed optional dependency F:\EPHATA\Documents\StringAnalyzer\string-analyzer-api\node_modules\@rollup\rollup-win32-ia32-msvc
462 silly reify mark deleted [
462 silly reify   'F:\\EPHATA\\Documents\\StringAnalyzer\\string-analyzer-api\\node_modules\\@rollup\\rollup-win32-ia32-msvc'
462 silly reify ]
463 verbose reify failed optional dependency F:\EPHATA\Documents\StringAnalyzer\string-analyzer-api\node_modules\@rollup\rollup-win32-arm64-msvc
464 silly reify mark deleted [
464 silly reify   'F:\\EPHATA\\Documents\\StringAnalyzer\\string-analyzer-api\\node_modules\\@rollup\\rollup-win32-arm64-msvc'
464 silly reify ]
465 verbose reify failed optional dependency F:\EPHATA\Documents\StringAnalyzer\string-analyzer-api\node_modules\@rollup\rollup-openharmony-arm64
466 silly reify mark deleted [
466 silly reify   'F:\\EPHATA\\Documents\\StringAnalyzer\\string-analyzer-api\\node_modules\\@rollup\\rollup-openharmony-arm64'
466 silly reify ]
467 verbose reify failed optional dependency F:\EPHATA\Documents\StringAnalyzer\string-analyzer-api\node_modules\@rollup\rollup-linux-x64-musl
468 silly reify mark deleted [
468 silly reify   'F:\\EPHATA\\Documents\\StringAnalyzer\\string-analyzer-api\\node_modules\\@rollup\\rollup-linux-x64-musl'
468 silly reify ]
469 verbose reify failed optional dependency F:\EPHATA\Documents\StringAnalyzer\string-analyzer-api\node_modules\@rollup\rollup-linux-x64-gnu
470 silly reify mark deleted [
470 silly reify   'F:\\EPHATA\\Documents\\StringAnalyzer\\string-analyzer-api\\node_modules\\@rollup\\rollup-linux-x64-gnu'
470 silly reify ]
471 verbose reify failed optional dependency F:\EPHATA\Documents\StringAnalyzer\string-analyzer-api\node_modules\@rollup\rollup-linux-s390x-gnu
472 silly reify mark deleted [
472 silly reify   'F:\\EPHATA\\Documents\\StringAnalyzer\\string-analyzer-api\\node_modules\\@rollup\\rollup-linux-s390x-gnu'
472 silly reify ]
473 verbose reify failed optional dependency F:\EPHATA\Documents\StringAnalyzer\string-analyzer-api\node_modules\@rollup\rollup-linux-riscv64-musl
474 silly reify mark deleted [
474 silly reify   'F:\\EPHATA\\Documents\\StringAnalyzer\\string-analyzer-api\\node_modules\\@rollup\\rollup-linux-riscv64-musl'
474 silly reify ]
475 verbose reify failed optional dependency F:\EPHATA\Documents\StringAnalyzer\string-analyzer-api\node_modules\@rollup\rollup-linux-riscv64-gnu
476 silly reify mark deleted [
476 silly reify   'F:\\EPHATA\\Documents\\StringAnalyzer\\string-analyzer-api\\node_modules\\@rollup\\rollup-linux-riscv64-gnu'
476 silly reify ]
477 verbose reify failed optional dependency F:\EPHATA\Documents\StringAnalyzer\string-analyzer-api\node_modules\@rollup\rollup-linux-ppc64-gnu
478 silly reify mark deleted [
478 silly reify   'F:\\EPHATA\\Documents\\StringAnalyzer\\string-analyzer-api\\node_modules\\@rollup\\rollup-linux-ppc64-gnu'
478 silly reify ]
479 verbose reify failed optional dependency F:\EPHATA\Documents\StringAnalyzer\string-analyzer-api\node_modules\@rollup\rollup-linux-loong64-gnu
480 silly reify mark deleted [
480 silly reify   'F:\\EPHATA\\Documents\\StringAnalyzer\\string-analyzer-api\\node_modules\\@rollup\\rollup-linux-loong64-gnu'
480 silly reify ]
481 verbose reify failed optional dependency F:\EPHATA\Documents\StringAnalyzer\string-analyzer-api\node_modules\@rollup\rollup-linux-arm64-musl
482 silly reify mark deleted [
482 silly reify   'F:\\EPHATA\\Documents\\StringAnalyzer\\string-analyzer-api\\node_modules\\@rollup\\rollup-linux-arm64-musl'
482 silly reify ]
483 verbose reify failed optional dependency F:\EPHATA\Documents\StringAnalyzer\string-analyzer-api\node_modules\@rollup\rollup-linux-arm64-gnu
484 silly reify mark deleted [
484 silly reify   'F:\\EPHATA\\Documents\\StringAnalyzer\\string-analyzer-api\\node_modules\\@rollup\\rollup-linux-arm64-gnu'
484 silly reify ]
485 verbose reify failed optional dependency F:\EPHATA\Documents\StringAnalyzer\string-analyzer-api\node_modules\@rollup\rollup-linux-arm-musleabihf
486 silly reify mark deleted [
486 silly reify   'F:\\EPHATA\\Documents\\StringAnalyzer\\string-analyzer-api\\node_modules\\@rollup\\rollup-linux-arm-musleabihf'
486 silly reify ]
487 verbose reify failed optional dependency F:\EPHATA\Documents\StringAnalyzer\string-analyzer-api\node_modules\@rollup\rollup-linux-arm-gnueabihf
488 silly reify mark deleted [
488 silly reify   'F:\\EPHATA\\Documents\\StringAnalyzer\\string-analyzer-api\\node_modules\\@rollup\\rollup-linux-arm-gnueabihf'
488 silly reify ]
489 verbose reify failed optional dependency F:\EPHATA\Documents\StringAnalyzer\string-analyzer-api\node_modules\@rollup\rollup-freebsd-x64
490 silly reify mark deleted [
490 silly reify   'F:\\EPHATA\\Documents\\StringAnalyzer\\string-analyzer-api\\node_modules\\@rollup\\rollup-freebsd-x64'
490 silly reify ]
491 verbose reify failed optional dependency F:\EPHATA\Documents\StringAnalyzer\string-analyzer-api\node_modules\@rollup\rollup-freebsd-arm64
492 silly reify mark deleted [
492 silly reify   'F:\\EPHATA\\Documents\\StringAnalyzer\\string-analyzer-api\\node_modules\\@rollup\\rollup-freebsd-arm64'
492 silly reify ]
493 verbose reify failed optional dependency F:\EPHATA\Documents\StringAnalyzer\string-analyzer-api\node_modules\@rollup\rollup-darwin-x64
494 silly reify mark deleted [
494 silly reify   'F:\\EPHATA\\Documents\\StringAnalyzer\\string-analyzer-api\\node_modules\\@rollup\\rollup-darwin-x64'
494 silly reify ]
495 verbose reify failed optional dependency F:\EPHATA\Documents\StringAnalyzer\string-analyzer-api\node_modules\@rollup\rollup-darwin-arm64
496 silly reify mark deleted [
496 silly reify   'F:\\EPHATA\\Documents\\StringAnalyzer\\string-analyzer-api\\node_modules\\@rollup\\rollup-darwin-arm64'
496 silly reify ]
497 verbose reify failed optional dependency F:\EPHATA\Documents\StringAnalyzer\string-analyzer-api\node_modules\@rollup\rollup-android-arm64
498 silly reify mark deleted [
498 silly reify   'F:\\EPHATA\\Documents\\StringAnalyzer\\string-analyzer-api\\node_modules\\@rollup\\rollup-android-arm64'
498 silly reify ]
499 verbose reify failed optional dependency F:\EPHATA\Documents\StringAnalyzer\string-analyzer-api\node_modules\@rollup\rollup-android-arm-eabi
500 silly reify mark deleted [
500 silly reify   'F:\\EPHATA\\Documents\\StringAnalyzer\\string-analyzer-api\\node_modules\\@rollup\\rollup-android-arm-eabi'
500 silly reify ]
501 http cache siginfo@https://registry.npmjs.org/siginfo/-/siginfo-2.0.0.tgz 0ms (cache hit)
502 http cache @rollup/rollup-win32-x64-gnu@https://registry.npmjs.org/@rollup/rollup-win32-x64-gnu/-/rollup-win32-x64-gnu-4.52.5.tgz 0ms (cache hit)
503 http cache @rollup/rollup-win32-x64-msvc@https://registry.npmjs.org/@rollup/rollup-win32-x64-msvc/-/rollup-win32-x64-msvc-4.52.5.tgz 0ms (cache hit)
504 http cache stackback@https://registry.npmjs.org/stackback/-/stackback-0.0.2.tgz 0ms (cache hit)
505 http cache es-module-lexer@https://registry.npmjs.org/es-module-lexer/-/es-module-lexer-1.7.0.tgz 0ms (cache hit)
506 http cache cac@https://registry.npmjs.org/cac/-/cac-6.7.14.tgz 0ms (cache hit)
507 http cache source-map-js@https://registry.npmjs.org/source-map-js/-/source-map-js-1.2.1.tgz 0ms (cache hit)
508 http cache @types/estree@https://registry.npmjs.org/@types/estree/-/estree-1.0.8.tgz 0ms (cache hit)
509 http cache picocolors@https://registry.npmjs.org/picocolors/-/picocolors-1.1.1.tgz 0ms (cache hit)
510 http cache nanoid@https://registry.npmjs.org/nanoid/-/nanoid-3.3.11.tgz 0ms (cache hit)
511 http cache rollup@https://registry.npmjs.org/rollup/-/rollup-4.52.5.tgz 0ms (cache hit)
512 http cache postcss@https://registry.npmjs.org/postcss/-/postcss-8.5.6.tgz 0ms (cache hit)
513 http cache pathval@https://registry.npmjs.org/pathval/-/pathval-2.0.1.tgz 0ms (cache hit)
514 http cache js-tokens@https://registry.npmjs.org/js-tokens/-/js-tokens-9.0.1.tgz 0ms (cache hit)
515 http cache deep-eql@https://registry.npmjs.org/deep-eql/-/deep-eql-5.0.2.tgz 0ms (cache hit)
516 http cache check-error@https://registry.npmjs.org/check-error/-/check-error-2.1.1.tgz 0ms (cache hit)
517 http cache loupe@https://registry.npmjs.org/loupe/-/loupe-3.2.1.tgz 0ms (cache hit)
518 http cache @types/deep-eql@https://registry.npmjs.org/@types/deep-eql/-/deep-eql-4.0.2.tgz 0ms (cache hit)
519 http cache tinyspy@https://registry.npmjs.org/tinyspy/-/tinyspy-4.0.4.tgz 0ms (cache hit)
520 http cache strip-literal@https://registry.npmjs.org/strip-literal/-/strip-literal-3.1.0.tgz 0ms (cache hit)
521 http cache assertion-error@https://registry.npmjs.org/assertion-error/-/assertion-error-2.0.1.tgz 0ms (cache hit)
522 http cache estree-walker@https://registry.npmjs.org/estree-walker/-/estree-walker-3.0.3.tgz 0ms (cache hit)
523 http cache why-is-node-running@https://registry.npmjs.org/why-is-node-running/-/why-is-node-running-2.3.0.tgz 0ms (cache hit)
524 http cache vite-node@https://registry.npmjs.org/vite-node/-/vite-node-3.2.4.tgz 0ms (cache hit)
525 http cache tinyrainbow@https://registry.npmjs.org/tinyrainbow/-/tinyrainbow-2.0.0.tgz 0ms (cache hit)
526 http cache vite@https://registry.npmjs.org/vite/-/vite-7.1.11.tgz 0ms (cache hit)
527 http cache tinypool@https://registry.npmjs.org/tinypool/-/tinypool-1.1.1.tgz 0ms (cache hit)
528 http cache tinybench@https://registry.npmjs.org/tinybench/-/tinybench-2.9.0.tgz 0ms (cache hit)
529 http cache tinyglobby@https://registry.npmjs.org/tinyglobby/-/tinyglobby-0.2.15.tgz 0ms (cache hit)
530 http cache @vitest/utils@https://registry.npmjs.org/@vitest/utils/-/utils-3.2.4.tgz 0ms (cache hit)
531 http cache tinyexec@https://registry.npmjs.org/tinyexec/-/tinyexec-0.3.2.tgz 0ms (cache hit)
532 http cache std-env@https://registry.npmjs.org/std-env/-/std-env-3.10.0.tgz 0ms (cache hit)
533 http cache pathe@https://registry.npmjs.org/pathe/-/pathe-2.0.3.tgz 0ms (cache hit)
534 http cache expect-type@https://registry.npmjs.org/expect-type/-/expect-type-1.2.2.tgz 0ms (cache hit)
535 http cache @vitest/snapshot@https://registry.npmjs.org/@vitest/snapshot/-/snapshot-3.2.4.tgz 0ms (cache hit)
536 http cache magic-string@https://registry.npmjs.org/magic-string/-/magic-string-0.30.19.tgz 0ms (cache hit)
537 http cache chai@https://registry.npmjs.org/chai/-/chai-5.3.3.tgz 0ms (cache hit)
538 http cache @vitest/pretty-format@https://registry.npmjs.org/@vitest/pretty-format/-/pretty-format-3.2.4.tgz 0ms (cache hit)
539 http cache @vitest/spy@https://registry.npmjs.org/@vitest/spy/-/spy-3.2.4.tgz 0ms (cache hit)
540 http cache @vitest/runner@https://registry.npmjs.org/@vitest/runner/-/runner-3.2.4.tgz 0ms (cache hit)
541 http cache @vitest/mocker@https://registry.npmjs.org/@vitest/mocker/-/mocker-3.2.4.tgz 0ms (cache hit)
542 http cache @vitest/expect@https://registry.npmjs.org/@vitest/expect/-/expect-3.2.4.tgz 0ms (cache hit)
543 http cache @types/chai@https://registry.npmjs.org/@types/chai/-/chai-5.2.3.tgz 0ms (cache hit)
544 http cache vitest@https://registry.npmjs.org/vitest/-/vitest-3.2.4.tgz 0ms (cache hit)
545 http cache fdir@https://registry.npmjs.org/fdir/-/fdir-6.5.0.tgz 0ms (cache hit)
546 http cache picomatch@https://registry.npmjs.org/picomatch/-/picomatch-4.0.3.tgz 0ms (cache hit)
547 http cache picomatch@https://registry.npmjs.org/picomatch/-/picomatch-4.0.3.tgz 0ms (cache hit)
548 http cache picomatch@https://registry.npmjs.org/picomatch/-/picomatch-4.0.3.tgz 0ms (cache hit)
549 http cache fdir@https://registry.npmjs.org/fdir/-/fdir-6.5.0.tgz 0ms (cache hit)
550 silly tarball no local data for siginfo@https://registry.npmjs.org/siginfo/-/siginfo-2.0.0.tgz. Extracting by manifest.
551 silly tarball no local data for @rollup/rollup-win32-x64-gnu@https://registry.npmjs.org/@rollup/rollup-win32-x64-gnu/-/rollup-win32-x64-gnu-4.52.5.tgz. Extracting by manifest.
552 silly tarball no local data for @rollup/rollup-win32-x64-msvc@https://registry.npmjs.org/@rollup/rollup-win32-x64-msvc/-/rollup-win32-x64-msvc-4.52.5.tgz. Extracting by manifest.
553 silly tarball no local data for stackback@https://registry.npmjs.org/stackback/-/stackback-0.0.2.tgz. Extracting by manifest.
554 silly tarball no local data for es-module-lexer@https://registry.npmjs.org/es-module-lexer/-/es-module-lexer-1.7.0.tgz. Extracting by manifest.
555 silly tarball no local data for cac@https://registry.npmjs.org/cac/-/cac-6.7.14.tgz. Extracting by manifest.
556 silly tarball no local data for source-map-js@https://registry.npmjs.org/source-map-js/-/source-map-js-1.2.1.tgz. Extracting by manifest.
557 silly tarball no local data for @types/estree@https://registry.npmjs.org/@types/estree/-/estree-1.0.8.tgz. Extracting by manifest.
558 silly tarball no local data for nanoid@https://registry.npmjs.org/nanoid/-/nanoid-3.3.11.tgz. Extracting by manifest.
559 silly tarball no local data for rollup@https://registry.npmjs.org/rollup/-/rollup-4.52.5.tgz. Extracting by manifest.
560 silly tarball no local data for postcss@https://registry.npmjs.org/postcss/-/postcss-8.5.6.tgz. Extracting by manifest.
561 silly tarball no local data for pathval@https://registry.npmjs.org/pathval/-/pathval-2.0.1.tgz. Extracting by manifest.
562 silly tarball no local data for js-tokens@https://registry.npmjs.org/js-tokens/-/js-tokens-9.0.1.tgz. Extracting by manifest.
563 silly tarball no local data for deep-eql@https://registry.npmjs.org/deep-eql/-/deep-eql-5.0.2.tgz. Extracting by manifest.
564 silly tarball no local data for check-error@https://registry.npmjs.org/check-error/-/check-error-2.1.1.tgz. Extracting by manifest.
565 silly tarball no local data for loupe@https://registry.npmjs.org/loupe/-/loupe-3.2.1.tgz. Extracting by manifest.
566 silly tarball no local data for @types/deep-eql@https://registry.npmjs.org/@types/deep-eql/-/deep-eql-4.0.2.tgz. Extracting by manifest.
567 silly tarball no local data for tinyspy@https://registry.npmjs.org/tinyspy/-/tinyspy-4.0.4.tgz. Extracting by manifest.
568 silly tarball no local data for strip-literal@https://registry.npmjs.org/strip-literal/-/strip-literal-3.1.0.tgz. Extracting by manifest.
569 silly tarball no local data for assertion-error@https://registry.npmjs.org/assertion-error/-/assertion-error-2.0.1.tgz. Extracting by manifest.
570 silly tarball no local data for estree-walker@https://registry.npmjs.org/estree-walker/-/estree-walker-3.0.3.tgz. Extracting by manifest.
571 silly tarball no local data for why-is-node-running@https://registry.npmjs.org/why-is-node-running/-/why-is-node-running-2.3.0.tgz. Extracting by manifest.
572 silly tarball no local data for vite-node@https://registry.npmjs.org/vite-node/-/vite-node-3.2.4.tgz. Extracting by manifest.
573 silly tarball no local data for tinyrainbow@https://registry.npmjs.org/tinyrainbow/-/tinyrainbow-2.0.0.tgz. Extracting by manifest.
574 silly tarball no local data for vite@https://registry.npmjs.org/vite/-/vite-7.1.11.tgz. Extracting by manifest.
575 silly tarball no local data for tinypool@https://registry.npmjs.org/tinypool/-/tinypool-1.1.1.tgz. Extracting by manifest.
576 silly tarball no local data for tinybench@https://registry.npmjs.org/tinybench/-/tinybench-2.9.0.tgz. Extracting by manifest.
577 silly tarball no local data for tinyglobby@https://registry.npmjs.org/tinyglobby/-/tinyglobby-0.2.15.tgz. Extracting by manifest.
578 silly tarball no local data for @vitest/utils@https://registry.npmjs.org/@vitest/utils/-/utils-3.2.4.tgz. Extracting by manifest.
579 silly tarball no local data for tinyexec@https://registry.npmjs.org/tinyexec/-/tinyexec-0.3.2.tgz. Extracting by manifest.
580 silly tarball no local data for std-env@https://registry.npmjs.org/std-env/-/std-env-3.10.0.tgz. Extracting by manifest.
581 silly tarball no local data for pathe@https://registry.npmjs.org/pathe/-/pathe-2.0.3.tgz. Extracting by manifest.
582 silly tarball no local data for expect-type@https://registry.npmjs.org/expect-type/-/expect-type-1.2.2.tgz. Extracting by manifest.
583 silly tarball no local data for @vitest/snapshot@https://registry.npmjs.org/@vitest/snapshot/-/snapshot-3.2.4.tgz. Extracting by manifest.
584 silly tarball no local data for magic-string@https://registry.npmjs.org/magic-string/-/magic-string-0.30.19.tgz. Extracting by manifest.
585 silly tarball no local data for chai@https://registry.npmjs.org/chai/-/chai-5.3.3.tgz. Extracting by manifest.
586 silly tarball no local data for @vitest/pretty-format@https://registry.npmjs.org/@vitest/pretty-format/-/pretty-format-3.2.4.tgz. Extracting by manifest.
587 silly tarball no local data for @vitest/spy@https://registry.npmjs.org/@vitest/spy/-/spy-3.2.4.tgz. Extracting by manifest.
588 silly tarball no local data for @vitest/runner@https://registry.npmjs.org/@vitest/runner/-/runner-3.2.4.tgz. Extracting by manifest.
589 silly tarball no local data for @vitest/mocker@https://registry.npmjs.org/@vitest/mocker/-/mocker-3.2.4.tgz. Extracting by manifest.
590 silly tarball no local data for @vitest/expect@https://registry.npmjs.org/@vitest/expect/-/expect-3.2.4.tgz. Extracting by manifest.
591 silly tarball no local data for @types/chai@https://registry.npmjs.org/@types/chai/-/chai-5.2.3.tgz. Extracting by manifest.
592 silly tarball no local data for vitest@https://registry.npmjs.org/vitest/-/vitest-3.2.4.tgz. Extracting by manifest.
593 silly tarball no local data for fdir@https://registry.npmjs.org/fdir/-/fdir-6.5.0.tgz. Extracting by manifest.
594 silly tarball no local data for fdir@https://registry.npmjs.org/fdir/-/fdir-6.5.0.tgz. Extracting by manifest.
595 http fetch GET 200 https://registry.npmjs.org/stackback/-/stackback-0.0.2.tgz 333ms (cache miss)
596 http fetch GET 200 https://registry.npmjs.org/siginfo/-/siginfo-2.0.0.tgz 339ms (cache miss)
597 http fetch POST 200 https://registry.npmjs.org/-/npm/v1/security/advisories/bulk 598ms
598 silly audit report {}
599 http fetch GET 200 https://registry.npmjs.org/@types/deep-eql/-/deep-eql-4.0.2.tgz 994ms (cache miss)
600 http fetch GET 200 https://registry.npmjs.org/check-error/-/check-error-2.1.1.tgz 1015ms (cache miss)
601 http fetch GET 200 https://registry.npmjs.org/tinyspy/-/tinyspy-4.0.4.tgz 1049ms (cache miss)
602 http fetch GET 200 https://registry.npmjs.org/strip-literal/-/strip-literal-3.1.0.tgz 1074ms (cache miss)
603 http fetch GET 200 https://registry.npmjs.org/es-module-lexer/-/es-module-lexer-1.7.0.tgz 1089ms (cache miss)
604 http fetch GET 200 https://registry.npmjs.org/assertion-error/-/assertion-error-2.0.1.tgz 1182ms (cache miss)
605 http fetch GET 200 https://registry.npmjs.org/estree-walker/-/estree-walker-3.0.3.tgz 1185ms (cache miss)
606 http fetch GET 200 https://registry.npmjs.org/cac/-/cac-6.7.14.tgz 1205ms (cache miss)
607 http fetch GET 200 https://registry.npmjs.org/why-is-node-running/-/why-is-node-running-2.3.0.tgz 1292ms (cache miss)
608 http fetch GET 200 https://registry.npmjs.org/tinyrainbow/-/tinyrainbow-2.0.0.tgz 1909ms (cache miss)
609 http fetch GET 200 https://registry.npmjs.org/tinypool/-/tinypool-1.1.1.tgz 1908ms (cache miss)
610 http fetch GET 200 https://registry.npmjs.org/tinybench/-/tinybench-2.9.0.tgz 1908ms (cache miss)
611 http fetch GET 200 https://registry.npmjs.org/tinyglobby/-/tinyglobby-0.2.15.tgz 1908ms (cache miss)
612 http fetch GET 200 https://registry.npmjs.org/pathval/-/pathval-2.0.1.tgz 1982ms (cache miss)
613 http fetch GET 200 https://registry.npmjs.org/deep-eql/-/deep-eql-5.0.2.tgz 2074ms (cache miss)
614 http fetch GET 200 https://registry.npmjs.org/js-tokens/-/js-tokens-9.0.1.tgz 2080ms (cache miss)
615 http fetch GET 200 https://registry.npmjs.org/@rollup/rollup-win32-x64-gnu/-/rollup-win32-x64-gnu-4.52.5.tgz 2181ms (cache miss)
616 http fetch GET 200 https://registry.npmjs.org/@types/estree/-/estree-1.0.8.tgz 2180ms (cache miss)
617 http fetch GET 200 https://registry.npmjs.org/@vitest/pretty-format/-/pretty-format-3.2.4.tgz 2216ms (cache miss)
618 http fetch GET 200 https://registry.npmjs.org/std-env/-/std-env-3.10.0.tgz 2353ms (cache miss)
619 http fetch GET 200 https://registry.npmjs.org/tinyexec/-/tinyexec-0.3.2.tgz 2370ms (cache miss)
620 http fetch GET 200 https://registry.npmjs.org/@vitest/spy/-/spy-3.2.4.tgz 2392ms (cache miss)
621 http fetch GET 200 https://registry.npmjs.org/@vitest/expect/-/expect-3.2.4.tgz 2415ms (cache miss)
622 http fetch GET 200 https://registry.npmjs.org/@types/chai/-/chai-5.2.3.tgz 2508ms (cache miss)
623 http fetch GET 200 https://registry.npmjs.org/fdir/-/fdir-6.5.0.tgz 2532ms (cache miss)
624 http fetch GET 200 https://registry.npmjs.org/fdir/-/fdir-6.5.0.tgz 2587ms (cache miss)
625 http fetch GET 200 https://registry.npmjs.org/@vitest/snapshot/-/snapshot-3.2.4.tgz 2630ms (cache miss)
626 http fetch GET 200 https://registry.npmjs.org/@rollup/rollup-win32-x64-msvc/-/rollup-win32-x64-msvc-4.52.5.tgz 2781ms (cache miss)
627 http fetch GET 200 https://registry.npmjs.org/pathe/-/pathe-2.0.3.tgz 2773ms (cache miss)
628 http fetch GET 200 https://registry.npmjs.org/@vitest/runner/-/runner-3.2.4.tgz 3161ms (cache miss)
629 http fetch GET 200 https://registry.npmjs.org/nanoid/-/nanoid-3.3.11.tgz 3358ms (cache miss)
630 http fetch GET 200 https://registry.npmjs.org/expect-type/-/expect-type-1.2.2.tgz 3354ms (cache miss)
631 http fetch GET 200 https://registry.npmjs.org/loupe/-/loupe-3.2.1.tgz 3431ms (cache miss)
632 http fetch GET 200 https://registry.npmjs.org/source-map-js/-/source-map-js-1.2.1.tgz 3481ms (cache miss)
633 http fetch GET 200 https://registry.npmjs.org/@vitest/utils/-/utils-3.2.4.tgz 3491ms (cache miss)
634 http fetch GET 200 https://registry.npmjs.org/magic-string/-/magic-string-0.30.19.tgz 3504ms (cache miss)
635 http fetch GET 200 https://registry.npmjs.org/@vitest/mocker/-/mocker-3.2.4.tgz 3515ms (cache miss)
636 http fetch GET 200 https://registry.npmjs.org/vite-node/-/vite-node-3.2.4.tgz 3555ms (cache miss)
637 http fetch GET 200 https://registry.npmjs.org/chai/-/chai-5.3.3.tgz 4446ms (cache miss)
638 http fetch GET 200 https://registry.npmjs.org/postcss/-/postcss-8.5.6.tgz 4544ms (cache miss)
639 http fetch GET 200 https://registry.npmjs.org/rollup/-/rollup-4.52.5.tgz 4934ms (cache miss)
640 http fetch GET 200 https://registry.npmjs.org/vite/-/vite-7.1.11.tgz 4974ms (cache miss)
641 http fetch GET 200 https://registry.npmjs.org/vitest/-/vitest-3.2.4.tgz 5379ms (cache miss)
642 silly ADD node_modules/stackback
643 silly ADD node_modules/siginfo
644 silly ADD node_modules/es-module-lexer
645 silly ADD node_modules/cac
646 silly ADD node_modules/@rollup/rollup-win32-x64-msvc
647 silly ADD node_modules/@rollup/rollup-win32-x64-gnu
648 silly ADD node_modules/@rollup/rollup-win32-ia32-msvc
649 silly ADD node_modules/@rollup/rollup-win32-arm64-msvc
650 silly ADD node_modules/@rollup/rollup-openharmony-arm64
651 silly ADD node_modules/@rollup/rollup-linux-x64-musl
652 silly ADD node_modules/@rollup/rollup-linux-x64-gnu
653 silly ADD node_modules/@rollup/rollup-linux-s390x-gnu
654 silly ADD node_modules/@rollup/rollup-linux-riscv64-musl
655 silly ADD node_modules/@rollup/rollup-linux-riscv64-gnu
656 silly ADD node_modules/@rollup/rollup-linux-ppc64-gnu
657 silly ADD node_modules/@rollup/rollup-linux-loong64-gnu
658 silly ADD node_modules/@rollup/rollup-linux-arm64-musl
659 silly ADD node_modules/@rollup/rollup-linux-arm64-gnu
660 silly ADD node_modules/@rollup/rollup-linux-arm-musleabihf
661 silly ADD node_modules/@rollup/rollup-linux-arm-gnueabihf
662 silly ADD node_modules/@rollup/rollup-freebsd-x64
663 silly ADD node_modules/@rollup/rollup-freebsd-arm64
664 silly ADD node_modules/@rollup/rollup-darwin-x64
665 silly ADD node_modules/@rollup/rollup-darwin-arm64
666 silly ADD node_modules/@rollup/rollup-android-arm64
667 silly ADD node_modules/@rollup/rollup-android-arm-eabi
668 silly ADD node_modules/source-map-js
669 silly ADD node_modules/picocolors
670 silly ADD node_modules/nanoid
671 silly ADD node_modules/rollup
672 silly ADD node_modules/postcss
673 silly ADD node_modules/js-tokens
674 silly ADD node_modules/@types/estree
675 silly ADD node_modules/pathval
676 silly ADD node_modules/deep-eql
677 silly ADD node_modules/check-error
678 silly ADD node_modules/loupe
679 silly ADD node_modules/tinyspy
680 silly ADD node_modules/strip-literal
681 silly ADD node_modules/estree-walker
682 silly ADD node_modules/assertion-error
683 silly ADD node_modules/@types/deep-eql
684 silly ADD node_modules/why-is-node-running
685 silly ADD node_modules/vite-node
686 silly ADD node_modules/vite
687 silly ADD node_modules/vite/node_modules/picomatch
688 silly ADD node_modules/vite/node_modules/fdir
689 silly ADD node_modules/tinyrainbow
690 silly ADD node_modules/tinypool
691 silly ADD node_modules/tinyglobby
692 silly ADD node_modules/tinyglobby/node_modules/picomatch
693 silly ADD node_modules/tinyglobby/node_modules/fdir
694 silly ADD node_modules/tinyexec
695 silly ADD node_modules/tinybench
696 silly ADD node_modules/std-env
697 silly ADD node_modules/pathe
698 silly ADD node_modules/magic-string
699 silly ADD node_modules/expect-type
700 silly ADD node_modules/chai
701 silly ADD node_modules/@vitest/utils
702 silly ADD node_modules/@vitest/spy
703 silly ADD node_modules/@vitest/snapshot
704 silly ADD node_modules/@vitest/runner
705 silly ADD node_modules/@vitest/pretty-format
706 silly ADD node_modules/@vitest/mocker
707 silly ADD node_modules/@vitest/expect
708 silly ADD node_modules/@types/chai
709 silly ADD node_modules/vitest
710 silly ADD node_modules/vitest/node_modules/picomatch
711 verbose cwd F:\EPHATA\Documents\StringAnalyzer\string-analyzer-api
712 verbose os Windows_NT 10.0.22621
713 verbose node v22.14.0
714 verbose npm  v11.5.2
715 verbose exit 0
716 info ok
