0 verbose cli C:\Program Files\nodejs\node.exe C:\Users\EPHATA\AppData\Roaming\npm\node_modules\npm\bin\npm-cli.js
1 info using npm@11.5.2
2 info using node@v22.14.0
3 silly config load:file:C:\Users\EPHATA\AppData\Roaming\npm\node_modules\npm\npmrc
4 silly config load:file:F:\EPHATA\Documents\StringAnalyzer\string-analyzer-api\.npmrc
5 silly config load:file:C:\Users\EPHATA\.npmrc
6 silly config load:file:C:\Users\EPHATA\AppData\Roaming\npm\etc\npmrc
7 verbose title npm install ts-node-dev
8 verbose argv "install" "--save-dev" "ts-node-dev"
9 verbose logfile logs-max:10 dir:F:\EPHATA\Documents\StringAnalyzer\string-analyzer-api\npm-cache\_logs\2025-10-22T00_29_55_025Z-
10 verbose logfile F:\EPHATA\Documents\StringAnalyzer\string-analyzer-api\npm-cache\_logs\2025-10-22T00_29_55_025Z-debug-0.log
11 silly logfile start cleaning logs, removing 1 files
12 silly packumentCache heap:4345298944 maxSize:1086324736 maxEntrySize:543162368
13 silly logfile done cleaning log files
14 silly idealTree buildDeps
15 silly fetch manifest ts-node-dev@^2.0.0
16 silly packumentCache full:https://registry.npmjs.org/ts-node-dev cache-miss
17 http fetch GET 200 https://registry.npmjs.org/ts-node-dev 905ms (cache miss)
18 silly packumentCache full:https://registry.npmjs.org/ts-node-dev set size:undefined disposed:false
19 silly fetch manifest node-notifier@*
20 silly packumentCache full:https://registry.npmjs.org/node-notifier cache-miss
21 http fetch GET 200 https://registry.npmjs.org/node-notifier 233ms (cache miss)
22 silly packumentCache full:https://registry.npmjs.org/node-notifier set size:undefined disposed:false
23 silly fetch manifest typescript@^5.9.3
24 silly packumentCache full:https://registry.npmjs.org/typescript cache-miss
25 http fetch GET 200 https://registry.npmjs.org/typescript 255ms (cache revalidated)
26 silly packumentCache full:https://registry.npmjs.org/typescript set size:14806606 disposed:false
27 silly placeDep ROOT ts-node-dev@2.0.0 OK for: string-analyzer-api@1.0.0 want: ^2.0.0
28 silly fetch manifest dynamic-dedupe@^0.3.0
29 silly packumentCache full:https://registry.npmjs.org/dynamic-dedupe cache-miss
30 silly fetch manifest mkdirp@^1.0.4
31 silly packumentCache full:https://registry.npmjs.org/mkdirp cache-miss
32 silly fetch manifest resolve@^1.0.0
33 silly packumentCache full:https://registry.npmjs.org/resolve cache-miss
34 silly fetch manifest rimraf@^2.6.1
35 silly packumentCache full:https://registry.npmjs.org/rimraf cache-miss
36 silly fetch manifest source-map-support@^0.5.12
37 silly packumentCache full:https://registry.npmjs.org/source-map-support cache-miss
38 silly fetch manifest tree-kill@^1.2.2
39 silly packumentCache full:https://registry.npmjs.org/tree-kill cache-miss
40 silly fetch manifest ts-node@^10.4.0
41 silly packumentCache full:https://registry.npmjs.org/ts-node cache-miss
42 http fetch GET 200 https://registry.npmjs.org/dynamic-dedupe 352ms (cache miss)
43 silly packumentCache full:https://registry.npmjs.org/dynamic-dedupe set size:undefined disposed:false
44 silly fetch manifest tsconfig@^7.0.0
45 silly packumentCache full:https://registry.npmjs.org/tsconfig cache-miss
46 http fetch GET 200 https://registry.npmjs.org/tsconfig 184ms (cache miss)
47 silly packumentCache full:https://registry.npmjs.org/tsconfig set size:undefined disposed:false
48 http fetch GET 200 https://registry.npmjs.org/mkdirp 728ms (cache miss)
49 silly packumentCache full:https://registry.npmjs.org/mkdirp set size:undefined disposed:false
50 http fetch GET 200 https://registry.npmjs.org/source-map-support 751ms (cache miss)
51 silly packumentCache full:https://registry.npmjs.org/source-map-support set size:undefined disposed:false
52 http fetch GET 200 https://registry.npmjs.org/resolve 761ms (cache miss)
53 silly packumentCache full:https://registry.npmjs.org/resolve set size:undefined disposed:false
54 http fetch GET 200 https://registry.npmjs.org/rimraf 922ms (cache miss)
55 silly packumentCache full:https://registry.npmjs.org/rimraf set size:undefined disposed:false
56 http fetch GET 200 https://registry.npmjs.org/tree-kill 952ms (cache miss)
57 silly packumentCache full:https://registry.npmjs.org/tree-kill set size:undefined disposed:false
58 http fetch GET 200 https://registry.npmjs.org/ts-node 1110ms (cache miss)
59 silly packumentCache full:https://registry.npmjs.org/ts-node set size:undefined disposed:false
60 silly fetch manifest @swc/core@>=1.2.50
61 silly packumentCache full:https://registry.npmjs.org/@swc%2fcore cache-miss
62 http fetch GET 200 https://registry.npmjs.org/@swc%2fcore 684ms (cache miss)
63 silly packumentCache full:https://registry.npmjs.org/@swc%2fcore set size:undefined disposed:false
64 silly fetch manifest @swc/helpers@>=0.5.17
65 silly packumentCache full:https://registry.npmjs.org/@swc%2fhelpers cache-miss
66 http fetch GET 200 https://registry.npmjs.org/@swc%2fhelpers 374ms (cache miss)
67 silly packumentCache full:https://registry.npmjs.org/@swc%2fhelpers set size:undefined disposed:false
68 silly fetch manifest @swc/wasm@>=1.2.50
69 silly packumentCache full:https://registry.npmjs.org/@swc%2fwasm cache-miss
70 http fetch GET 200 https://registry.npmjs.org/@swc%2fwasm 601ms (cache miss)
71 silly packumentCache full:https://registry.npmjs.org/@swc%2fwasm set size:undefined disposed:false
72 silly fetch manifest @types/node@*
73 silly packumentCache full:https://registry.npmjs.org/@types%2fnode cache-miss
74 http fetch GET 200 https://registry.npmjs.org/@types%2fnode 263ms (cache revalidated)
75 silly packumentCache full:https://registry.npmjs.org/@types%2fnode set size:10665074 disposed:false
76 silly fetch manifest typescript@*
77 silly packumentCache full:https://registry.npmjs.org/typescript cache-miss
78 http cache https://registry.npmjs.org/typescript 44ms (cache hit)
79 silly packumentCache full:https://registry.npmjs.org/typescript set size:14806606 disposed:false
80 silly placeDep ROOT dynamic-dedupe@0.3.0 OK for: ts-node-dev@2.0.0 want: ^0.3.0
81 silly placeDep ROOT mkdirp@1.0.4 OK for: ts-node-dev@2.0.0 want: ^1.0.4
82 silly placeDep ROOT resolve@1.22.11 OK for: ts-node-dev@2.0.0 want: ^1.0.0
83 silly placeDep ROOT rimraf@2.7.1 OK for: ts-node-dev@2.0.0 want: ^2.6.1
84 silly placeDep ROOT source-map-support@0.5.21 OK for: ts-node-dev@2.0.0 want: ^0.5.12
85 silly placeDep ROOT tree-kill@1.2.2 OK for: ts-node-dev@2.0.0 want: ^1.2.2
86 silly placeDep ROOT ts-node@10.9.2 OK for: ts-node-dev@2.0.0 want: ^10.4.0
87 silly placeDep ROOT tsconfig@7.0.0 OK for: ts-node-dev@2.0.0 want: ^7.0.0
88 silly fetch manifest xtend@^4.0.0
89 silly packumentCache full:https://registry.npmjs.org/xtend cache-miss
90 silly fetch manifest is-core-module@^2.16.1
91 silly packumentCache full:https://registry.npmjs.org/is-core-module cache-miss
92 silly fetch manifest path-parse@^1.0.7
93 silly packumentCache full:https://registry.npmjs.org/path-parse cache-miss
94 silly fetch manifest supports-preserve-symlinks-flag@^1.0.0
95 silly packumentCache full:https://registry.npmjs.org/supports-preserve-symlinks-flag cache-miss
96 silly fetch manifest glob@^7.1.3
97 silly packumentCache full:https://registry.npmjs.org/glob cache-miss
98 silly fetch manifest buffer-from@^1.0.0
99 silly packumentCache full:https://registry.npmjs.org/buffer-from cache-miss
100 silly fetch manifest source-map@^0.6.0
101 silly packumentCache full:https://registry.npmjs.org/source-map cache-miss
102 http fetch GET 200 https://registry.npmjs.org/xtend 234ms (cache miss)
103 silly packumentCache full:https://registry.npmjs.org/xtend set size:undefined disposed:false
104 silly fetch manifest yn@3.1.1
105 silly packumentCache full:https://registry.npmjs.org/yn cache-miss
106 http fetch GET 200 https://registry.npmjs.org/supports-preserve-symlinks-flag 236ms (cache miss)
107 silly packumentCache full:https://registry.npmjs.org/supports-preserve-symlinks-flag set size:undefined disposed:false
108 silly fetch manifest arg@^4.1.0
109 silly packumentCache full:https://registry.npmjs.org/arg cache-miss
110 http fetch GET 200 https://registry.npmjs.org/buffer-from 241ms (cache miss)
111 silly packumentCache full:https://registry.npmjs.org/buffer-from set size:undefined disposed:false
112 silly fetch manifest diff@^4.0.1
113 silly packumentCache full:https://registry.npmjs.org/diff cache-miss
114 http fetch GET 200 https://registry.npmjs.org/path-parse 243ms (cache miss)
115 silly packumentCache full:https://registry.npmjs.org/path-parse set size:undefined disposed:false
116 silly fetch manifest acorn@^8.4.1
117 silly packumentCache full:https://registry.npmjs.org/acorn cache-miss
118 http fetch GET 200 https://registry.npmjs.org/glob 249ms (cache miss)
119 silly packumentCache full:https://registry.npmjs.org/glob set size:undefined disposed:false
120 silly fetch manifest acorn-walk@^8.1.1
121 silly packumentCache full:https://registry.npmjs.org/acorn-walk cache-miss
122 http fetch GET 200 https://registry.npmjs.org/is-core-module 259ms (cache miss)
123 silly packumentCache full:https://registry.npmjs.org/is-core-module set size:undefined disposed:false
124 silly fetch manifest make-error@^1.1.1
125 silly packumentCache full:https://registry.npmjs.org/make-error cache-miss
126 http fetch GET 200 https://registry.npmjs.org/source-map 260ms (cache miss)
127 silly packumentCache full:https://registry.npmjs.org/source-map set size:undefined disposed:false
128 silly fetch manifest create-require@^1.1.0
129 silly packumentCache full:https://registry.npmjs.org/create-require cache-miss
130 http fetch GET 200 https://registry.npmjs.org/yn 201ms (cache miss)
131 silly packumentCache full:https://registry.npmjs.org/yn set size:undefined disposed:false
132 silly fetch manifest @tsconfig/node10@^1.0.7
133 silly packumentCache full:https://registry.npmjs.org/@tsconfig%2fnode10 cache-miss
134 http fetch GET 200 https://registry.npmjs.org/acorn 201ms (cache miss)
135 silly packumentCache full:https://registry.npmjs.org/acorn set size:undefined disposed:false
136 silly fetch manifest @tsconfig/node12@^1.0.7
137 silly packumentCache full:https://registry.npmjs.org/@tsconfig%2fnode12 cache-miss
138 http fetch GET 200 https://registry.npmjs.org/arg 221ms (cache miss)
139 silly packumentCache full:https://registry.npmjs.org/arg set size:undefined disposed:false
140 silly fetch manifest @tsconfig/node14@^1.0.0
141 silly packumentCache full:https://registry.npmjs.org/@tsconfig%2fnode14 cache-miss
142 http fetch GET 200 https://registry.npmjs.org/diff 229ms (cache miss)
143 silly packumentCache full:https://registry.npmjs.org/diff set size:undefined disposed:false
144 silly fetch manifest @tsconfig/node16@^1.0.2
145 silly packumentCache full:https://registry.npmjs.org/@tsconfig%2fnode16 cache-miss
146 http fetch GET 200 https://registry.npmjs.org/make-error 220ms (cache miss)
147 silly packumentCache full:https://registry.npmjs.org/make-error set size:undefined disposed:false
148 silly fetch manifest v8-compile-cache-lib@^3.0.1
149 silly packumentCache full:https://registry.npmjs.org/v8-compile-cache-lib cache-miss
150 http fetch GET 200 https://registry.npmjs.org/create-require 218ms (cache miss)
151 silly packumentCache full:https://registry.npmjs.org/create-require set size:undefined disposed:false
152 silly fetch manifest @cspotcode/source-map-support@^0.8.0
153 silly packumentCache full:https://registry.npmjs.org/@cspotcode%2fsource-map-support cache-miss
154 http fetch GET 200 https://registry.npmjs.org/acorn-walk 230ms (cache miss)
155 silly packumentCache full:https://registry.npmjs.org/acorn-walk set size:undefined disposed:false
156 silly fetch manifest @types/strip-bom@^3.0.0
157 silly packumentCache full:https://registry.npmjs.org/@types%2fstrip-bom cache-miss
158 http fetch GET 200 https://registry.npmjs.org/@tsconfig%2fnode10 299ms (cache miss)
159 silly packumentCache full:https://registry.npmjs.org/@tsconfig%2fnode10 set size:undefined disposed:false
160 silly fetch manifest @types/strip-json-comments@0.0.30
161 silly packumentCache full:https://registry.npmjs.org/@types%2fstrip-json-comments cache-miss
162 http fetch GET 200 https://registry.npmjs.org/@tsconfig%2fnode12 292ms (cache miss)
163 silly packumentCache full:https://registry.npmjs.org/@tsconfig%2fnode12 set size:undefined disposed:false
164 silly fetch manifest strip-bom@^3.0.0
165 silly packumentCache full:https://registry.npmjs.org/strip-bom cache-miss
166 http fetch GET 200 https://registry.npmjs.org/v8-compile-cache-lib 299ms (cache miss)
167 silly packumentCache full:https://registry.npmjs.org/v8-compile-cache-lib set size:undefined disposed:false
168 http fetch GET 200 https://registry.npmjs.org/@tsconfig%2fnode14 321ms (cache miss)
169 silly packumentCache full:https://registry.npmjs.org/@tsconfig%2fnode14 set size:undefined disposed:false
170 http fetch GET 200 https://registry.npmjs.org/@types%2fstrip-bom 299ms (cache miss)
171 silly packumentCache full:https://registry.npmjs.org/@types%2fstrip-bom set size:undefined disposed:false
172 http fetch GET 200 https://registry.npmjs.org/@tsconfig%2fnode16 310ms (cache miss)
173 silly packumentCache full:https://registry.npmjs.org/@tsconfig%2fnode16 set size:undefined disposed:false
174 http fetch GET 200 https://registry.npmjs.org/@cspotcode%2fsource-map-support 360ms (cache miss)
175 silly packumentCache full:https://registry.npmjs.org/@cspotcode%2fsource-map-support set size:undefined disposed:false
176 http fetch GET 200 https://registry.npmjs.org/strip-bom 175ms (cache miss)
177 silly packumentCache full:https://registry.npmjs.org/strip-bom set size:undefined disposed:false
178 http fetch GET 200 https://registry.npmjs.org/@types%2fstrip-json-comments 218ms (cache miss)
179 silly packumentCache full:https://registry.npmjs.org/@types%2fstrip-json-comments set size:undefined disposed:false
180 silly placeDep ROOT xtend@4.0.2 OK for: dynamic-dedupe@0.3.0 want: ^4.0.0
181 silly placeDep ROOT is-core-module@2.16.1 OK for: resolve@1.22.11 want: ^2.16.1
182 silly placeDep ROOT path-parse@1.0.7 OK for: resolve@1.22.11 want: ^1.0.7
183 silly placeDep ROOT supports-preserve-symlinks-flag@1.0.0 OK for: resolve@1.22.11 want: ^1.0.0
184 silly placeDep ROOT glob@7.2.3 OK for: rimraf@2.7.1 want: ^7.1.3
185 silly fetch manifest inflight@^1.0.4
186 silly packumentCache full:https://registry.npmjs.org/inflight cache-miss
187 silly fetch manifest fs.realpath@^1.0.0
188 silly packumentCache full:https://registry.npmjs.org/fs.realpath cache-miss
189 silly fetch manifest path-is-absolute@^1.0.0
190 silly packumentCache full:https://registry.npmjs.org/path-is-absolute cache-miss
191 http fetch GET 200 https://registry.npmjs.org/path-is-absolute 177ms (cache miss)
192 silly packumentCache full:https://registry.npmjs.org/path-is-absolute set size:undefined disposed:false
193 http fetch GET 200 https://registry.npmjs.org/fs.realpath 184ms (cache miss)
194 silly packumentCache full:https://registry.npmjs.org/fs.realpath set size:undefined disposed:false
195 http fetch GET 200 https://registry.npmjs.org/inflight 193ms (cache miss)
196 silly packumentCache full:https://registry.npmjs.org/inflight set size:undefined disposed:false
197 silly placeDep ROOT fs.realpath@1.0.0 OK for: glob@7.2.3 want: ^1.0.0
198 silly placeDep ROOT inflight@1.0.6 OK for: glob@7.2.3 want: ^1.0.4
199 silly placeDep ROOT path-is-absolute@1.0.1 OK for: glob@7.2.3 want: ^1.0.0
200 silly placeDep ROOT buffer-from@1.1.2 OK for: source-map-support@0.5.21 want: ^1.0.0
201 silly placeDep ROOT source-map@0.6.1 OK for: source-map-support@0.5.21 want: ^0.6.0
202 silly placeDep ROOT @cspotcode/source-map-support@0.8.1 OK for: ts-node@10.9.2 want: ^0.8.0
203 silly placeDep ROOT @tsconfig/node10@1.0.11 OK for: ts-node@10.9.2 want: ^1.0.7
204 silly placeDep ROOT @tsconfig/node12@1.0.11 OK for: ts-node@10.9.2 want: ^1.0.7
205 silly placeDep ROOT @tsconfig/node14@1.0.3 OK for: ts-node@10.9.2 want: ^1.0.0
206 silly placeDep ROOT @tsconfig/node16@1.0.4 OK for: ts-node@10.9.2 want: ^1.0.2
207 silly placeDep ROOT acorn@8.15.0 OK for: ts-node@10.9.2 want: ^8.4.1
208 silly placeDep ROOT acorn-walk@8.3.4 OK for: ts-node@10.9.2 want: ^8.1.1
209 silly placeDep ROOT arg@4.1.3 OK for: ts-node@10.9.2 want: ^4.1.0
210 silly placeDep ROOT create-require@1.1.1 OK for: ts-node@10.9.2 want: ^1.1.0
211 silly placeDep ROOT diff@4.0.2 OK for: ts-node@10.9.2 want: ^4.0.1
212 silly placeDep ROOT make-error@1.3.6 OK for: ts-node@10.9.2 want: ^1.1.1
213 silly placeDep ROOT v8-compile-cache-lib@3.0.1 OK for: ts-node@10.9.2 want: ^3.0.1
214 silly placeDep ROOT yn@3.1.1 OK for: ts-node@10.9.2 want: 3.1.1
215 silly fetch manifest @jridgewell/trace-mapping@0.3.9
216 silly packumentCache full:https://registry.npmjs.org/@jridgewell%2ftrace-mapping cache-miss
217 http fetch GET 200 https://registry.npmjs.org/@jridgewell%2ftrace-mapping 236ms (cache miss)
218 silly packumentCache full:https://registry.npmjs.org/@jridgewell%2ftrace-mapping set size:undefined disposed:false
219 silly placeDep ROOT @jridgewell/trace-mapping@0.3.9 OK for: @cspotcode/source-map-support@0.8.1 want: 0.3.9
220 silly fetch manifest @jridgewell/resolve-uri@^3.0.3
221 silly packumentCache full:https://registry.npmjs.org/@jridgewell%2fresolve-uri cache-miss
222 silly fetch manifest @jridgewell/sourcemap-codec@^1.4.10
223 silly packumentCache full:https://registry.npmjs.org/@jridgewell%2fsourcemap-codec cache-miss
224 http fetch GET 200 https://registry.npmjs.org/@jridgewell%2fsourcemap-codec 195ms (cache miss)
225 silly packumentCache full:https://registry.npmjs.org/@jridgewell%2fsourcemap-codec set size:undefined disposed:false
226 http fetch GET 200 https://registry.npmjs.org/@jridgewell%2fresolve-uri 228ms (cache miss)
227 silly packumentCache full:https://registry.npmjs.org/@jridgewell%2fresolve-uri set size:undefined disposed:false
228 silly placeDep ROOT @jridgewell/resolve-uri@3.1.2 OK for: @jridgewell/trace-mapping@0.3.9 want: ^3.0.3
229 silly placeDep ROOT @jridgewell/sourcemap-codec@1.5.5 OK for: @jridgewell/trace-mapping@0.3.9 want: ^1.4.10
230 silly placeDep ROOT @types/strip-bom@3.0.0 OK for: tsconfig@7.0.0 want: ^3.0.0
231 silly placeDep ROOT @types/strip-json-comments@0.0.30 OK for: tsconfig@7.0.0 want: 0.0.30
232 silly placeDep ROOT strip-bom@3.0.0 OK for: tsconfig@7.0.0 want: ^3.0.0
233 silly reify moves {}
234 silly audit bulk request {
234 silly audit   '@types/better-sqlite3': [ '7.6.13' ],
234 silly audit   '@types/body-parser': [ '1.19.6' ],
234 silly audit   '@types/connect': [ '3.4.38' ],
234 silly audit   '@types/express': [ '5.0.3' ],
234 silly audit   '@types/express-serve-static-core': [ '5.1.0' ],
234 silly audit   '@types/http-errors': [ '2.0.5' ],
234 silly audit   '@types/mime': [ '1.3.5' ],
234 silly audit   '@types/node': [ '24.9.1' ],
234 silly audit   '@types/qs': [ '6.14.0' ],
234 silly audit   '@types/range-parser': [ '1.2.7' ],
234 silly audit   '@types/send': [ '1.2.0', '0.17.5' ],
234 silly audit   '@types/serve-static': [ '1.15.9' ],
234 silly audit   accepts: [ '2.0.0' ],
234 silly audit   anymatch: [ '3.1.3' ],
234 silly audit   asynckit: [ '0.4.0' ],
234 silly audit   axios: [ '1.12.2' ],
234 silly audit   'balanced-match': [ '1.0.2' ],
234 silly audit   'base64-js': [ '1.5.1' ],
234 silly audit   'better-sqlite3': [ '12.4.1' ],
234 silly audit   'binary-extensions': [ '2.3.0' ],
234 silly audit   bindings: [ '1.5.0' ],
234 silly audit   bl: [ '4.1.0' ],
234 silly audit   'body-parser': [ '2.2.0' ],
234 silly audit   'brace-expansion': [ '1.1.12' ],
234 silly audit   braces: [ '3.0.3' ],
234 silly audit   buffer: [ '5.7.1' ],
234 silly audit   bytes: [ '3.1.2' ],
234 silly audit   'call-bind-apply-helpers': [ '1.0.2' ],
234 silly audit   'call-bound': [ '1.0.4' ],
234 silly audit   chokidar: [ '3.6.0' ],
234 silly audit   chownr: [ '1.1.4' ],
234 silly audit   'combined-stream': [ '1.0.8' ],
234 silly audit   'concat-map': [ '0.0.1' ],
234 silly audit   'content-disposition': [ '1.0.0' ],
234 silly audit   'content-type': [ '1.0.5' ],
234 silly audit   cookie: [ '0.7.2' ],
234 silly audit   'cookie-signature': [ '1.2.2' ],
234 silly audit   cors: [ '2.8.5' ],
234 silly audit   crypto: [ '1.0.1' ],
234 silly audit   debug: [ '4.4.3' ],
234 silly audit   'decompress-response': [ '6.0.0' ],
234 silly audit   'deep-extend': [ '0.6.0' ],
234 silly audit   'delayed-stream': [ '1.0.0' ],
234 silly audit   depd: [ '2.0.0' ],
234 silly audit   'detect-libc': [ '2.1.2' ],
234 silly audit   'dunder-proto': [ '1.0.1' ],
234 silly audit   'ee-first': [ '1.1.1' ],
234 silly audit   encodeurl: [ '2.0.0' ],
234 silly audit   'end-of-stream': [ '1.4.5' ],
234 silly audit   'es-define-property': [ '1.0.1' ],
234 silly audit   'es-errors': [ '1.3.0' ],
234 silly audit   'es-object-atoms': [ '1.1.1' ],
234 silly audit   'es-set-tostringtag': [ '2.1.0' ],
234 silly audit   'escape-html': [ '1.0.3' ],
234 silly audit   etag: [ '1.8.1' ],
234 silly audit   'expand-template': [ '2.0.3' ],
234 silly audit   express: [ '5.1.0' ],
234 silly audit   'file-uri-to-path': [ '1.0.0' ],
234 silly audit   'fill-range': [ '7.1.1' ],
234 silly audit   finalhandler: [ '2.1.0' ],
234 silly audit   'follow-redirects': [ '1.15.11' ],
234 silly audit   'form-data': [ '4.0.4' ],
234 silly audit   'mime-db': [ '1.52.0', '1.54.0' ],
234 silly audit   'mime-types': [ '2.1.35', '3.0.1' ],
234 silly audit   forwarded: [ '0.2.0' ],
234 silly audit   fresh: [ '2.0.0' ],
234 silly audit   'fs-constants': [ '1.0.0' ],
234 silly audit   fsevents: [ '2.3.3' ],
234 silly audit   'function-bind': [ '1.1.2' ],
234 silly audit   'get-intrinsic': [ '1.3.0' ],
234 silly audit   'get-proto': [ '1.0.1' ],
234 silly audit   'github-from-package': [ '0.0.0' ],
234 silly audit   'glob-parent': [ '5.1.2' ],
234 silly audit   gopd: [ '1.2.0' ],
234 silly audit   'has-flag': [ '3.0.0' ],
234 silly audit   'has-symbols': [ '1.1.0' ],
234 silly audit   'has-tostringtag': [ '1.0.2' ],
234 silly audit   hasown: [ '2.0.2' ],
234 silly audit   helmet: [ '8.1.0' ],
234 silly audit   'http-errors': [ '2.0.0' ],
234 silly audit   statuses: [ '2.0.1', '2.0.2' ],
234 silly audit   'iconv-lite': [ '0.6.3', '0.7.0' ],
234 silly audit   ieee754: [ '1.2.1' ],
234 silly audit   'ignore-by-default': [ '1.0.1' ],
234 silly audit   inherits: [ '2.0.4' ],
234 silly audit   ini: [ '1.3.8' ],
234 silly audit   'ipaddr.js': [ '1.9.1' ],
234 silly audit   'is-binary-path': [ '2.1.0' ],
234 silly audit   'is-extglob': [ '2.1.1' ],
234 silly audit   'is-glob': [ '4.0.3' ],
234 silly audit   'is-number': [ '7.0.0' ],
234 silly audit   'is-promise': [ '4.0.0' ],
234 silly audit   'math-intrinsics': [ '1.1.0' ],
234 silly audit   'media-typer': [ '1.1.0' ],
234 silly audit   'merge-descriptors': [ '2.0.0' ],
234 silly audit   'mimic-response': [ '3.1.0' ],
234 silly audit   minimatch: [ '3.1.2' ],
234 silly audit   minimist: [ '1.2.8' ],
234 silly audit   'mkdirp-classic': [ '0.5.3' ],
234 silly audit   ms: [ '2.1.3' ],
234 silly audit   'napi-build-utils': [ '2.0.0' ],
234 silly audit   negotiator: [ '1.0.0' ],
234 silly audit   'node-abi': [ '3.78.0' ],
234 silly audit   nodemon: [ '3.1.10' ],
234 silly audit   'normalize-path': [ '3.0.0' ],
234 silly audit   'object-assign': [ '4.1.1' ],
234 silly audit   'object-inspect': [ '1.13.4' ],
234 silly audit   'on-finished': [ '2.4.1' ],
234 silly audit   once: [ '1.4.0' ],
234 silly audit   parseurl: [ '1.3.3' ],
234 silly audit   'path-to-regexp': [ '8.3.0' ],
234 silly audit   picomatch: [ '2.3.1' ],
234 silly audit   'prebuild-install': [ '7.1.3' ],
234 silly audit   'proxy-addr': [ '2.0.7' ],
234 silly audit   'proxy-from-env': [ '1.1.0' ],
234 silly audit   'pstree.remy': [ '1.1.8' ],
234 silly audit   pump: [ '3.0.3' ],
234 silly audit   qs: [ '6.14.0' ],
234 silly audit   'range-parser': [ '1.2.1' ],
234 silly audit   'raw-body': [ '3.0.1' ],
234 silly audit   rc: [ '1.2.8' ],
234 silly audit   'readable-stream': [ '3.6.2' ],
234 silly audit   readdirp: [ '3.6.0' ],
234 silly audit   router: [ '2.2.0' ],
234 silly audit   'safe-buffer': [ '5.2.1' ],
234 silly audit   'safer-buffer': [ '2.1.2' ],
234 silly audit   semver: [ '7.7.3' ],
234 silly audit   send: [ '1.2.0' ],
234 silly audit   'serve-static': [ '2.2.0' ],
234 silly audit   setprototypeof: [ '1.2.0' ],
234 silly audit   'side-channel': [ '1.1.0' ],
234 silly audit   'side-channel-list': [ '1.0.0' ],
234 silly audit   'side-channel-map': [ '1.0.1' ],
234 silly audit   'side-channel-weakmap': [ '1.0.2' ],
234 silly audit   'simple-concat': [ '1.0.1' ],
234 silly audit   'simple-get': [ '4.0.1' ],
234 silly audit   'simple-update-notifier': [ '2.0.0' ],
234 silly audit   string_decoder: [ '1.3.0' ],
234 silly audit   'strip-json-comments': [ '2.0.1' ],
234 silly audit   'supports-color': [ '5.5.0' ],
234 silly audit   'tar-fs': [ '2.1.4' ],
234 silly audit   'tar-stream': [ '2.2.0' ],
234 silly audit   'to-regex-range': [ '5.0.1' ],
234 silly audit   toidentifier: [ '1.0.1' ],
234 silly audit   touch: [ '3.1.1' ],
234 silly audit   'tunnel-agent': [ '0.6.0' ],
234 silly audit   'type-is': [ '2.0.1' ],
234 silly audit   typescript: [ '5.9.3' ],
234 silly audit   undefsafe: [ '2.0.5' ],
234 silly audit   'undici-types': [ '7.16.0' ],
234 silly audit   unpipe: [ '1.0.0' ],
234 silly audit   'util-deprecate': [ '1.0.2' ],
234 silly audit   vary: [ '1.1.2' ],
234 silly audit   wrappy: [ '1.0.2' ],
234 silly audit   'ts-node-dev': [ '2.0.0' ],
234 silly audit   'dynamic-dedupe': [ '0.3.0' ],
234 silly audit   mkdirp: [ '1.0.4' ],
234 silly audit   resolve: [ '1.22.11' ],
234 silly audit   rimraf: [ '2.7.1' ],
234 silly audit   'source-map-support': [ '0.5.21' ],
234 silly audit   'tree-kill': [ '1.2.2' ],
234 silly audit   'ts-node': [ '10.9.2' ],
234 silly audit   tsconfig: [ '7.0.0' ],
234 silly audit   xtend: [ '4.0.2' ],
234 silly audit   'is-core-module': [ '2.16.1' ],
234 silly audit   'path-parse': [ '1.0.7' ],
234 silly audit   'supports-preserve-symlinks-flag': [ '1.0.0' ],
234 silly audit   glob: [ '7.2.3' ],
234 silly audit   'fs.realpath': [ '1.0.0' ],
234 silly audit   inflight: [ '1.0.6' ],
234 silly audit   'path-is-absolute': [ '1.0.1' ],
234 silly audit   'buffer-from': [ '1.1.2' ],
234 silly audit   'source-map': [ '0.6.1' ],
234 silly audit   '@cspotcode/source-map-support': [ '0.8.1' ],
234 silly audit   '@tsconfig/node10': [ '1.0.11' ],
234 silly audit   '@tsconfig/node12': [ '1.0.11' ],
234 silly audit   '@tsconfig/node14': [ '1.0.3' ],
234 silly audit   '@tsconfig/node16': [ '1.0.4' ],
234 silly audit   acorn: [ '8.15.0' ],
234 silly audit   'acorn-walk': [ '8.3.4' ],
234 silly audit   arg: [ '4.1.3' ],
234 silly audit   'create-require': [ '1.1.1' ],
234 silly audit   diff: [ '4.0.2' ],
234 silly audit   'make-error': [ '1.3.6' ],
234 silly audit   'v8-compile-cache-lib': [ '3.0.1' ],
234 silly audit   yn: [ '3.1.1' ],
234 silly audit   '@jridgewell/trace-mapping': [ '0.3.9' ],
234 silly audit   '@jridgewell/resolve-uri': [ '3.1.2' ],
234 silly audit   '@jridgewell/sourcemap-codec': [ '1.5.5' ],
234 silly audit   '@types/strip-bom': [ '3.0.0' ],
234 silly audit   '@types/strip-json-comments': [ '0.0.30' ],
234 silly audit   'strip-bom': [ '3.0.0' ]
234 silly audit }
235 http cache strip-bom@https://registry.npmjs.org/strip-bom/-/strip-bom-3.0.0.tgz 0ms (cache hit)
236 http cache @types/strip-bom@https://registry.npmjs.org/@types/strip-bom/-/strip-bom-3.0.0.tgz 0ms (cache hit)
237 http cache @types/strip-json-comments@https://registry.npmjs.org/@types/strip-json-comments/-/strip-json-comments-0.0.30.tgz 0ms (cache hit)
238 http cache @jridgewell/sourcemap-codec@https://registry.npmjs.org/@jridgewell/sourcemap-codec/-/sourcemap-codec-1.5.5.tgz 0ms (cache hit)
239 http cache @jridgewell/resolve-uri@https://registry.npmjs.org/@jridgewell/resolve-uri/-/resolve-uri-3.1.2.tgz 0ms (cache hit)
240 http cache @jridgewell/trace-mapping@https://registry.npmjs.org/@jridgewell/trace-mapping/-/trace-mapping-0.3.9.tgz 0ms (cache hit)
241 http cache yn@https://registry.npmjs.org/yn/-/yn-3.1.1.tgz 0ms (cache hit)
242 http cache make-error@https://registry.npmjs.org/make-error/-/make-error-1.3.6.tgz 0ms (cache hit)
243 http cache diff@https://registry.npmjs.org/diff/-/diff-4.0.2.tgz 0ms (cache hit)
244 http cache create-require@https://registry.npmjs.org/create-require/-/create-require-1.1.1.tgz 0ms (cache hit)
245 http cache v8-compile-cache-lib@https://registry.npmjs.org/v8-compile-cache-lib/-/v8-compile-cache-lib-3.0.1.tgz 0ms (cache hit)
246 http cache arg@https://registry.npmjs.org/arg/-/arg-4.1.3.tgz 0ms (cache hit)
247 http cache @tsconfig/node16@https://registry.npmjs.org/@tsconfig/node16/-/node16-1.0.4.tgz 0ms (cache hit)
248 http cache @tsconfig/node14@https://registry.npmjs.org/@tsconfig/node14/-/node14-1.0.3.tgz 0ms (cache hit)
249 http cache acorn-walk@https://registry.npmjs.org/acorn-walk/-/acorn-walk-8.3.4.tgz 0ms (cache hit)
250 http cache @tsconfig/node12@https://registry.npmjs.org/@tsconfig/node12/-/node12-1.0.11.tgz 0ms (cache hit)
251 http cache acorn@https://registry.npmjs.org/acorn/-/acorn-8.15.0.tgz 0ms (cache hit)
252 http cache @tsconfig/node10@https://registry.npmjs.org/@tsconfig/node10/-/node10-1.0.11.tgz 0ms (cache hit)
253 http cache @cspotcode/source-map-support@https://registry.npmjs.org/@cspotcode/source-map-support/-/source-map-support-0.8.1.tgz 0ms (cache hit)
254 http cache source-map@https://registry.npmjs.org/source-map/-/source-map-0.6.1.tgz 0ms (cache hit)
255 http cache buffer-from@https://registry.npmjs.org/buffer-from/-/buffer-from-1.1.2.tgz 0ms (cache hit)
256 http cache path-is-absolute@https://registry.npmjs.org/path-is-absolute/-/path-is-absolute-1.0.1.tgz 0ms (cache hit)
257 http cache inflight@https://registry.npmjs.org/inflight/-/inflight-1.0.6.tgz 0ms (cache hit)
258 http cache glob@https://registry.npmjs.org/glob/-/glob-7.2.3.tgz 0ms (cache hit)
259 http cache supports-preserve-symlinks-flag@https://registry.npmjs.org/supports-preserve-symlinks-flag/-/supports-preserve-symlinks-flag-1.0.0.tgz 0ms (cache hit)
260 http cache fs.realpath@https://registry.npmjs.org/fs.realpath/-/fs.realpath-1.0.0.tgz 0ms (cache hit)
261 http cache is-core-module@https://registry.npmjs.org/is-core-module/-/is-core-module-2.16.1.tgz 0ms (cache hit)
262 http cache path-parse@https://registry.npmjs.org/path-parse/-/path-parse-1.0.7.tgz 0ms (cache hit)
263 http cache tsconfig@https://registry.npmjs.org/tsconfig/-/tsconfig-7.0.0.tgz 0ms (cache hit)
264 http cache xtend@https://registry.npmjs.org/xtend/-/xtend-4.0.2.tgz 0ms (cache hit)
265 http cache source-map-support@https://registry.npmjs.org/source-map-support/-/source-map-support-0.5.21.tgz 0ms (cache hit)
266 http cache tree-kill@https://registry.npmjs.org/tree-kill/-/tree-kill-1.2.2.tgz 0ms (cache hit)
267 http cache ts-node@https://registry.npmjs.org/ts-node/-/ts-node-10.9.2.tgz 0ms (cache hit)
268 http cache rimraf@https://registry.npmjs.org/rimraf/-/rimraf-2.7.1.tgz 0ms (cache hit)
269 http cache resolve@https://registry.npmjs.org/resolve/-/resolve-1.22.11.tgz 0ms (cache hit)
270 http cache mkdirp@https://registry.npmjs.org/mkdirp/-/mkdirp-1.0.4.tgz 0ms (cache hit)
271 http cache ts-node-dev@https://registry.npmjs.org/ts-node-dev/-/ts-node-dev-2.0.0.tgz 0ms (cache hit)
272 http cache dynamic-dedupe@https://registry.npmjs.org/dynamic-dedupe/-/dynamic-dedupe-0.3.0.tgz 0ms (cache hit)
273 silly tarball no local data for strip-bom@https://registry.npmjs.org/strip-bom/-/strip-bom-3.0.0.tgz. Extracting by manifest.
274 silly tarball no local data for @types/strip-bom@https://registry.npmjs.org/@types/strip-bom/-/strip-bom-3.0.0.tgz. Extracting by manifest.
275 silly tarball no local data for @types/strip-json-comments@https://registry.npmjs.org/@types/strip-json-comments/-/strip-json-comments-0.0.30.tgz. Extracting by manifest.
276 silly tarball no local data for @jridgewell/sourcemap-codec@https://registry.npmjs.org/@jridgewell/sourcemap-codec/-/sourcemap-codec-1.5.5.tgz. Extracting by manifest.
277 silly tarball no local data for @jridgewell/resolve-uri@https://registry.npmjs.org/@jridgewell/resolve-uri/-/resolve-uri-3.1.2.tgz. Extracting by manifest.
278 silly tarball no local data for @jridgewell/trace-mapping@https://registry.npmjs.org/@jridgewell/trace-mapping/-/trace-mapping-0.3.9.tgz. Extracting by manifest.
279 silly tarball no local data for yn@https://registry.npmjs.org/yn/-/yn-3.1.1.tgz. Extracting by manifest.
280 silly tarball no local data for make-error@https://registry.npmjs.org/make-error/-/make-error-1.3.6.tgz. Extracting by manifest.
281 silly tarball no local data for diff@https://registry.npmjs.org/diff/-/diff-4.0.2.tgz. Extracting by manifest.
282 silly tarball no local data for create-require@https://registry.npmjs.org/create-require/-/create-require-1.1.1.tgz. Extracting by manifest.
283 silly tarball no local data for v8-compile-cache-lib@https://registry.npmjs.org/v8-compile-cache-lib/-/v8-compile-cache-lib-3.0.1.tgz. Extracting by manifest.
284 silly tarball no local data for arg@https://registry.npmjs.org/arg/-/arg-4.1.3.tgz. Extracting by manifest.
285 silly tarball no local data for @tsconfig/node16@https://registry.npmjs.org/@tsconfig/node16/-/node16-1.0.4.tgz. Extracting by manifest.
286 silly tarball no local data for @tsconfig/node14@https://registry.npmjs.org/@tsconfig/node14/-/node14-1.0.3.tgz. Extracting by manifest.
287 silly tarball no local data for acorn-walk@https://registry.npmjs.org/acorn-walk/-/acorn-walk-8.3.4.tgz. Extracting by manifest.
288 silly tarball no local data for @tsconfig/node12@https://registry.npmjs.org/@tsconfig/node12/-/node12-1.0.11.tgz. Extracting by manifest.
289 silly tarball no local data for acorn@https://registry.npmjs.org/acorn/-/acorn-8.15.0.tgz. Extracting by manifest.
290 silly tarball no local data for @tsconfig/node10@https://registry.npmjs.org/@tsconfig/node10/-/node10-1.0.11.tgz. Extracting by manifest.
291 silly tarball no local data for @cspotcode/source-map-support@https://registry.npmjs.org/@cspotcode/source-map-support/-/source-map-support-0.8.1.tgz. Extracting by manifest.
292 silly tarball no local data for source-map@https://registry.npmjs.org/source-map/-/source-map-0.6.1.tgz. Extracting by manifest.
293 silly tarball no local data for buffer-from@https://registry.npmjs.org/buffer-from/-/buffer-from-1.1.2.tgz. Extracting by manifest.
294 silly tarball no local data for path-is-absolute@https://registry.npmjs.org/path-is-absolute/-/path-is-absolute-1.0.1.tgz. Extracting by manifest.
295 silly tarball no local data for inflight@https://registry.npmjs.org/inflight/-/inflight-1.0.6.tgz. Extracting by manifest.
296 silly tarball no local data for glob@https://registry.npmjs.org/glob/-/glob-7.2.3.tgz. Extracting by manifest.
297 silly tarball no local data for supports-preserve-symlinks-flag@https://registry.npmjs.org/supports-preserve-symlinks-flag/-/supports-preserve-symlinks-flag-1.0.0.tgz. Extracting by manifest.
298 silly tarball no local data for fs.realpath@https://registry.npmjs.org/fs.realpath/-/fs.realpath-1.0.0.tgz. Extracting by manifest.
299 silly tarball no local data for is-core-module@https://registry.npmjs.org/is-core-module/-/is-core-module-2.16.1.tgz. Extracting by manifest.
300 silly tarball no local data for path-parse@https://registry.npmjs.org/path-parse/-/path-parse-1.0.7.tgz. Extracting by manifest.
301 silly tarball no local data for tsconfig@https://registry.npmjs.org/tsconfig/-/tsconfig-7.0.0.tgz. Extracting by manifest.
302 silly tarball no local data for xtend@https://registry.npmjs.org/xtend/-/xtend-4.0.2.tgz. Extracting by manifest.
303 silly tarball no local data for source-map-support@https://registry.npmjs.org/source-map-support/-/source-map-support-0.5.21.tgz. Extracting by manifest.
304 silly tarball no local data for tree-kill@https://registry.npmjs.org/tree-kill/-/tree-kill-1.2.2.tgz. Extracting by manifest.
305 silly tarball no local data for ts-node@https://registry.npmjs.org/ts-node/-/ts-node-10.9.2.tgz. Extracting by manifest.
306 silly tarball no local data for rimraf@https://registry.npmjs.org/rimraf/-/rimraf-2.7.1.tgz. Extracting by manifest.
307 silly tarball no local data for resolve@https://registry.npmjs.org/resolve/-/resolve-1.22.11.tgz. Extracting by manifest.
308 silly tarball no local data for mkdirp@https://registry.npmjs.org/mkdirp/-/mkdirp-1.0.4.tgz. Extracting by manifest.
309 silly tarball no local data for ts-node-dev@https://registry.npmjs.org/ts-node-dev/-/ts-node-dev-2.0.0.tgz. Extracting by manifest.
310 silly tarball no local data for dynamic-dedupe@https://registry.npmjs.org/dynamic-dedupe/-/dynamic-dedupe-0.3.0.tgz. Extracting by manifest.
311 http fetch GET 200 https://registry.npmjs.org/@types/strip-bom/-/strip-bom-3.0.0.tgz 287ms (cache miss)
312 http fetch GET 200 https://registry.npmjs.org/strip-bom/-/strip-bom-3.0.0.tgz 290ms (cache miss)
313 http fetch GET 200 https://registry.npmjs.org/@jridgewell/resolve-uri/-/resolve-uri-3.1.2.tgz 287ms (cache miss)
314 http fetch GET 200 https://registry.npmjs.org/@types/strip-json-comments/-/strip-json-comments-0.0.30.tgz 335ms (cache miss)
315 http fetch POST 200 https://registry.npmjs.org/-/npm/v1/security/advisories/bulk 415ms
316 silly audit report {}
317 http fetch GET 200 https://registry.npmjs.org/@jridgewell/sourcemap-codec/-/sourcemap-codec-1.5.5.tgz 438ms (cache miss)
318 http fetch GET 200 https://registry.npmjs.org/@tsconfig/node12/-/node12-1.0.11.tgz 444ms (cache miss)
319 http fetch GET 200 https://registry.npmjs.org/@jridgewell/trace-mapping/-/trace-mapping-0.3.9.tgz 453ms (cache miss)
320 http fetch GET 200 https://registry.npmjs.org/acorn-walk/-/acorn-walk-8.3.4.tgz 456ms (cache miss)
321 http fetch GET 200 https://registry.npmjs.org/@tsconfig/node10/-/node10-1.0.11.tgz 490ms (cache miss)
322 http fetch GET 200 https://registry.npmjs.org/acorn/-/acorn-8.15.0.tgz 541ms (cache miss)
323 http fetch GET 200 https://registry.npmjs.org/buffer-from/-/buffer-from-1.1.2.tgz 546ms (cache miss)
324 http fetch GET 200 https://registry.npmjs.org/path-is-absolute/-/path-is-absolute-1.0.1.tgz 618ms (cache miss)
325 http fetch GET 200 https://registry.npmjs.org/inflight/-/inflight-1.0.6.tgz 618ms (cache miss)
326 warn deprecated inflight@1.0.6: This module is not supported, and leaks memory. Do not use it. Check out lru-cache if you want a good and tested way to coalesce async requests by a key value, which is much more comprehensive and powerful.
327 http fetch GET 200 https://registry.npmjs.org/@cspotcode/source-map-support/-/source-map-support-0.8.1.tgz 637ms (cache miss)
328 http fetch GET 200 https://registry.npmjs.org/glob/-/glob-7.2.3.tgz 660ms (cache miss)
329 warn deprecated glob@7.2.3: Glob versions prior to v9 are no longer supported
330 http fetch GET 200 https://registry.npmjs.org/fs.realpath/-/fs.realpath-1.0.0.tgz 712ms (cache miss)
331 http fetch GET 200 https://registry.npmjs.org/make-error/-/make-error-1.3.6.tgz 883ms (cache miss)
332 http fetch GET 200 https://registry.npmjs.org/path-parse/-/path-parse-1.0.7.tgz 877ms (cache miss)
333 http fetch GET 200 https://registry.npmjs.org/tsconfig/-/tsconfig-7.0.0.tgz 890ms (cache miss)
334 http fetch GET 200 https://registry.npmjs.org/@tsconfig/node14/-/node14-1.0.3.tgz 913ms (cache miss)
335 http fetch GET 200 https://registry.npmjs.org/xtend/-/xtend-4.0.2.tgz 922ms (cache miss)
336 http fetch GET 200 https://registry.npmjs.org/yn/-/yn-3.1.1.tgz 940ms (cache miss)
337 http fetch GET 200 https://registry.npmjs.org/supports-preserve-symlinks-flag/-/supports-preserve-symlinks-flag-1.0.0.tgz 930ms (cache miss)
338 http fetch GET 200 https://registry.npmjs.org/is-core-module/-/is-core-module-2.16.1.tgz 941ms (cache miss)
339 http fetch GET 200 https://registry.npmjs.org/create-require/-/create-require-1.1.1.tgz 1114ms (cache miss)
340 http fetch GET 200 https://registry.npmjs.org/v8-compile-cache-lib/-/v8-compile-cache-lib-3.0.1.tgz 1221ms (cache miss)
341 http fetch GET 200 https://registry.npmjs.org/tree-kill/-/tree-kill-1.2.2.tgz 1230ms (cache miss)
342 http fetch GET 200 https://registry.npmjs.org/rimraf/-/rimraf-2.7.1.tgz 1235ms (cache miss)
343 http fetch GET 200 https://registry.npmjs.org/arg/-/arg-4.1.3.tgz 1263ms (cache miss)
344 http fetch GET 200 https://registry.npmjs.org/dynamic-dedupe/-/dynamic-dedupe-0.3.0.tgz 1267ms (cache miss)
345 http fetch GET 200 https://registry.npmjs.org/@tsconfig/node16/-/node16-1.0.4.tgz 1282ms (cache miss)
346 warn deprecated rimraf@2.7.1: Rimraf versions prior to v4 are no longer supported
347 http fetch GET 200 https://registry.npmjs.org/source-map-support/-/source-map-support-0.5.21.tgz 1321ms (cache miss)
348 http fetch GET 200 https://registry.npmjs.org/source-map/-/source-map-0.6.1.tgz 1465ms (cache miss)
349 http fetch GET 200 https://registry.npmjs.org/mkdirp/-/mkdirp-1.0.4.tgz 1470ms (cache miss)
350 http fetch GET 200 https://registry.npmjs.org/ts-node-dev/-/ts-node-dev-2.0.0.tgz 1621ms (cache miss)
351 http fetch GET 200 https://registry.npmjs.org/diff/-/diff-4.0.2.tgz 1982ms (cache miss)
352 http fetch GET 200 https://registry.npmjs.org/resolve/-/resolve-1.22.11.tgz 3261ms (cache miss)
353 http fetch GET 200 https://registry.npmjs.org/ts-node/-/ts-node-10.9.2.tgz 4023ms (cache miss)
354 silly ADD node_modules/strip-bom
355 silly ADD node_modules/@types/strip-json-comments
356 silly ADD node_modules/@types/strip-bom
357 silly ADD node_modules/@jridgewell/sourcemap-codec
358 silly ADD node_modules/@jridgewell/resolve-uri
359 silly ADD node_modules/@jridgewell/trace-mapping
360 silly ADD node_modules/yn
361 silly ADD node_modules/v8-compile-cache-lib
362 silly ADD node_modules/make-error
363 silly ADD node_modules/diff
364 silly ADD node_modules/create-require
365 silly ADD node_modules/arg
366 silly ADD node_modules/acorn-walk
367 silly ADD node_modules/acorn
368 silly ADD node_modules/@tsconfig/node16
369 silly ADD node_modules/@tsconfig/node14
370 silly ADD node_modules/@tsconfig/node12
371 silly ADD node_modules/@tsconfig/node10
372 silly ADD node_modules/@cspotcode/source-map-support
373 silly ADD node_modules/source-map
374 silly ADD node_modules/buffer-from
375 silly ADD node_modules/path-is-absolute
376 silly ADD node_modules/inflight
377 silly ADD node_modules/fs.realpath
378 silly ADD node_modules/glob
379 silly ADD node_modules/supports-preserve-symlinks-flag
380 silly ADD node_modules/path-parse
381 silly ADD node_modules/is-core-module
382 silly ADD node_modules/xtend
383 silly ADD node_modules/tsconfig
384 silly ADD node_modules/ts-node
385 silly ADD node_modules/tree-kill
386 silly ADD node_modules/source-map-support
387 silly ADD node_modules/rimraf
388 silly ADD node_modules/resolve
389 silly ADD node_modules/mkdirp
390 silly ADD node_modules/dynamic-dedupe
391 silly ADD node_modules/ts-node-dev
392 verbose cwd F:\EPHATA\Documents\StringAnalyzer\string-analyzer-api
393 verbose os Windows_NT 10.0.22621
394 verbose node v22.14.0
395 verbose npm  v11.5.2
396 verbose exit 0
397 info ok
